
**** Build of configuration Debug for project MSPTestLED ****

"C:\\Software\\ccs83\\ccsv8\\utils\\bin\\gmake" -k -j 4 all -O 
 
Building file: "../blink.c"
Invoking: MSP430 Compiler
"C:/Software/ccs83/ccsv8/tools/compiler/ti-cgt-msp430_18.1.4.LTS/bin/cl430" -vmspx --use_hw_mpy=none --include_path="C:/Software/ccs83/ccsv8/ccs_base/msp430/include" --include_path="N:/ECE298/CCS/MSPTestLED" --include_path="C:/Software/ccs83/ccsv8/tools/compiler/ti-cgt-msp430_18.1.4.LTS/include" --advice:power=all --advice:hw_config=all --define=__MSP430FR4133__ -g --printf_support=minimal --diag_warning=225 --diag_wrap=off --display_error_number --silicon_errata=CPU21 --silicon_errata=CPU22 --silicon_errata=CPU40 --preproc_with_compile --preproc_dependency="blink.d_raw"  "../blink.c"
Finished building: "../blink.c"
 
Building target: "MSPTestLED.out"
Invoking: MSP430 Linker
"C:/Software/ccs83/ccsv8/tools/compiler/ti-cgt-msp430_18.1.4.LTS/bin/cl430" -vmspx --use_hw_mpy=none --advice:power=all --advice:hw_config=all --define=__MSP430FR4133__ -g --printf_support=minimal --diag_warning=225 --diag_wrap=off --display_error_number --silicon_errata=CPU21 --silicon_errata=CPU22 --silicon_errata=CPU40 -z -m"MSPTestLED.map" --heap_size=160 --stack_size=160 --cinit_hold_wdt=on -i"C:/Software/ccs83/ccsv8/ccs_base/msp430/include" -i"C:/Software/ccs83/ccsv8/tools/compiler/ti-cgt-msp430_18.1.4.LTS/lib" -i"C:/Software/ccs83/ccsv8/tools/compiler/ti-cgt-msp430_18.1.4.LTS/include" --reread_libs --diag_wrap=off --display_error_number --warn_sections --xml_link_info="MSPTestLED_linkInfo.xml" --use_hw_mpy=none --rom_model -o "MSPTestLED.out" "./blink.obj" "../lnk_msp430fr4133.cmd"  -llibc.a 
<Linking>
remark #10371-D: (ULP 1.1) Detected no uses of low power mode state changing instructions
remark #10372-D: (ULP 4.1) Detected uninitialized Port A in this project. Recommend initializing all unused ports to eliminate wasted current consumption on unused pins.
remark #10372-D: (ULP 4.1) Detected uninitialized Port B in this project. Recommend initializing all unused ports to eliminate wasted current consumption on unused pins.
remark #10372-D: (ULP 4.1) Detected uninitialized Port C in this project. Recommend initializing all unused ports to eliminate wasted current consumption on unused pins.
remark #10372-D: (ULP 4.1) Detected uninitialized Port D in this project. Recommend initializing all unused ports to eliminate wasted current consumption on unused pins.
Finished building target: "MSPTestLED.out"
 

**** Build Finished ****

**** Build of configuration Debug for project MSPTestLED ****

"C:\\Software\\ccs83\\ccsv8\\utils\\bin\\gmake" -k -j 4 all -O 
 
gmake[1]: 'MSPTestLED.out' is up to date.

**** Build Finished ****

**** Build of configuration Debug for project MSPTestLED ****

"C:\\Software\\ccs83\\ccsv8\\utils\\bin\\gmake" -k -j 4 all -O 
 
gmake[1]: 'MSPTestLED.out' is up to date.

**** Build Finished ****

**** Clean-only build of configuration Debug for project Example_Keypad ****

"C:\\Software\\ccs83\\ccsv8\\utils\\bin\\gmake" -k -j 4 clean -O 
 
DEL /F  "Example_Keypad.hex"  "Example_Keypad.out" 
DEL /F "keypadButton.obj" "driverlib\MSP430FR2xx_4xx\adc.obj" "driverlib\MSP430FR2xx_4xx\crc.obj" "driverlib\MSP430FR2xx_4xx\cs.obj" "driverlib\MSP430FR2xx_4xx\ecomp.obj" "driverlib\MSP430FR2xx_4xx\eusci_a_spi.obj" "driverlib\MSP430FR2xx_4xx\eusci_a_uart.obj" "driverlib\MSP430FR2xx_4xx\eusci_b_i2c.obj" "driverlib\MSP430FR2xx_4xx\eusci_b_spi.obj" "driverlib\MSP430FR2xx_4xx\framctl.obj" "driverlib\MSP430FR2xx_4xx\gpio.obj" "driverlib\MSP430FR2xx_4xx\icc.obj" "driverlib\MSP430FR2xx_4xx\lcd_e.obj" "driverlib\MSP430FR2xx_4xx\mpy32.obj" "driverlib\MSP430FR2xx_4xx\pmm.obj" "driverlib\MSP430FR2xx_4xx\rtc.obj" "driverlib\MSP430FR2xx_4xx\sac.obj" "driverlib\MSP430FR2xx_4xx\sfr.obj" "driverlib\MSP430FR2xx_4xx\sysctl.obj" "driverlib\MSP430FR2xx_4xx\tia.obj" "driverlib\MSP430FR2xx_4xx\timer_a.obj" "driverlib\MSP430FR2xx_4xx\timer_b.obj" "driverlib\MSP430FR2xx_4xx\tlv.obj" "driverlib\MSP430FR2xx_4xx\wdt_a.obj" 
DEL /F "keypadButton.d" "driverlib\MSP430FR2xx_4xx\adc.d" "driverlib\MSP430FR2xx_4xx\crc.d" "driverlib\MSP430FR2xx_4xx\cs.d" "driverlib\MSP430FR2xx_4xx\ecomp.d" "driverlib\MSP430FR2xx_4xx\eusci_a_spi.d" "driverlib\MSP430FR2xx_4xx\eusci_a_uart.d" "driverlib\MSP430FR2xx_4xx\eusci_b_i2c.d" "driverlib\MSP430FR2xx_4xx\eusci_b_spi.d" "driverlib\MSP430FR2xx_4xx\framctl.d" "driverlib\MSP430FR2xx_4xx\gpio.d" "driverlib\MSP430FR2xx_4xx\icc.d" "driverlib\MSP430FR2xx_4xx\lcd_e.d" "driverlib\MSP430FR2xx_4xx\mpy32.d" "driverlib\MSP430FR2xx_4xx\pmm.d" "driverlib\MSP430FR2xx_4xx\rtc.d" "driverlib\MSP430FR2xx_4xx\sac.d" "driverlib\MSP430FR2xx_4xx\sfr.d" "driverlib\MSP430FR2xx_4xx\sysctl.d" "driverlib\MSP430FR2xx_4xx\tia.d" "driverlib\MSP430FR2xx_4xx\timer_a.d" "driverlib\MSP430FR2xx_4xx\timer_b.d" "driverlib\MSP430FR2xx_4xx\tlv.d" "driverlib\MSP430FR2xx_4xx\wdt_a.d" 
Finished clean
 

**** Build Finished ****

**** Build of configuration Debug for project Example_Keypad ****

"C:\\Software\\ccs83\\ccsv8\\utils\\bin\\gmake" -k -j 4 all -O 
 
Building file: "../driverlib/MSP430FR2xx_4xx/adc.c"
Invoking: MSP430 Compiler
"C:/Software/ccs83/ccsv8/tools/compiler/ti-cgt-msp430_18.1.4.LTS/bin/cl430" -vmspx --use_hw_mpy=none --include_path="C:/Software/ccs83/ccsv8/ccs_base/msp430/include" --include_path="N:/ECE298/API_Examples/Example_Keypad" --include_path="N:/ECE298/API_Examples/Example_Keypad/driverlib/MSP430FR2xx_4xx" --include_path="C:/Software/ccs83/ccsv8/tools/compiler/ti-cgt-msp430_18.1.4.LTS/include" --advice:power="none" --advice:hw_config=all --define=__MSP430FR4133__ --define=DEPRECATED -g --printf_support=minimal --diag_warning=225 --diag_wrap=off --display_error_number --silicon_errata=CPU21 --silicon_errata=CPU22 --silicon_errata=CPU40 --preproc_with_compile --preproc_dependency="driverlib/MSP430FR2xx_4xx/adc.d_raw" --obj_directory="driverlib/MSP430FR2xx_4xx"  "../driverlib/MSP430FR2xx_4xx/adc.c"
Finished building: "../driverlib/MSP430FR2xx_4xx/adc.c"
 
Building file: "../driverlib/MSP430FR2xx_4xx/crc.c"
Invoking: MSP430 Compiler
"C:/Software/ccs83/ccsv8/tools/compiler/ti-cgt-msp430_18.1.4.LTS/bin/cl430" -vmspx --use_hw_mpy=none --include_path="C:/Software/ccs83/ccsv8/ccs_base/msp430/include" --include_path="N:/ECE298/API_Examples/Example_Keypad" --include_path="N:/ECE298/API_Examples/Example_Keypad/driverlib/MSP430FR2xx_4xx" --include_path="C:/Software/ccs83/ccsv8/tools/compiler/ti-cgt-msp430_18.1.4.LTS/include" --advice:power="none" --advice:hw_config=all --define=__MSP430FR4133__ --define=DEPRECATED -g --printf_support=minimal --diag_warning=225 --diag_wrap=off --display_error_number --silicon_errata=CPU21 --silicon_errata=CPU22 --silicon_errata=CPU40 --preproc_with_compile --preproc_dependency="driverlib/MSP430FR2xx_4xx/crc.d_raw" --obj_directory="driverlib/MSP430FR2xx_4xx"  "../driverlib/MSP430FR2xx_4xx/crc.c"
Finished building: "../driverlib/MSP430FR2xx_4xx/crc.c"
 
Building file: "../keypadButton.c"
Invoking: MSP430 Compiler
"C:/Software/ccs83/ccsv8/tools/compiler/ti-cgt-msp430_18.1.4.LTS/bin/cl430" -vmspx --use_hw_mpy=none --include_path="C:/Software/ccs83/ccsv8/ccs_base/msp430/include" --include_path="N:/ECE298/API_Examples/Example_Keypad" --include_path="N:/ECE298/API_Examples/Example_Keypad/driverlib/MSP430FR2xx_4xx" --include_path="C:/Software/ccs83/ccsv8/tools/compiler/ti-cgt-msp430_18.1.4.LTS/include" --advice:power="none" --advice:hw_config=all --define=__MSP430FR4133__ --define=DEPRECATED -g --printf_support=minimal --diag_warning=225 --diag_wrap=off --display_error_number --silicon_errata=CPU21 --silicon_errata=CPU22 --silicon_errata=CPU40 --preproc_with_compile --preproc_dependency="keypadButton.d_raw"  "../keypadButton.c"
Finished building: "../keypadButton.c"
 
Building file: "../driverlib/MSP430FR2xx_4xx/cs.c"
Invoking: MSP430 Compiler
"C:/Software/ccs83/ccsv8/tools/compiler/ti-cgt-msp430_18.1.4.LTS/bin/cl430" -vmspx --use_hw_mpy=none --include_path="C:/Software/ccs83/ccsv8/ccs_base/msp430/include" --include_path="N:/ECE298/API_Examples/Example_Keypad" --include_path="N:/ECE298/API_Examples/Example_Keypad/driverlib/MSP430FR2xx_4xx" --include_path="C:/Software/ccs83/ccsv8/tools/compiler/ti-cgt-msp430_18.1.4.LTS/include" --advice:power="none" --advice:hw_config=all --define=__MSP430FR4133__ --define=DEPRECATED -g --printf_support=minimal --diag_warning=225 --diag_wrap=off --display_error_number --silicon_errata=CPU21 --silicon_errata=CPU22 --silicon_errata=CPU40 --preproc_with_compile --preproc_dependency="driverlib/MSP430FR2xx_4xx/cs.d_raw" --obj_directory="driverlib/MSP430FR2xx_4xx"  "../driverlib/MSP430FR2xx_4xx/cs.c"
Finished building: "../driverlib/MSP430FR2xx_4xx/cs.c"
 
Building file: "../driverlib/MSP430FR2xx_4xx/ecomp.c"
Invoking: MSP430 Compiler
"C:/Software/ccs83/ccsv8/tools/compiler/ti-cgt-msp430_18.1.4.LTS/bin/cl430" -vmspx --use_hw_mpy=none --include_path="C:/Software/ccs83/ccsv8/ccs_base/msp430/include" --include_path="N:/ECE298/API_Examples/Example_Keypad" --include_path="N:/ECE298/API_Examples/Example_Keypad/driverlib/MSP430FR2xx_4xx" --include_path="C:/Software/ccs83/ccsv8/tools/compiler/ti-cgt-msp430_18.1.4.LTS/include" --advice:power="none" --advice:hw_config=all --define=__MSP430FR4133__ --define=DEPRECATED -g --printf_support=minimal --diag_warning=225 --diag_wrap=off --display_error_number --silicon_errata=CPU21 --silicon_errata=CPU22 --silicon_errata=CPU40 --preproc_with_compile --preproc_dependency="driverlib/MSP430FR2xx_4xx/ecomp.d_raw" --obj_directory="driverlib/MSP430FR2xx_4xx"  "../driverlib/MSP430FR2xx_4xx/ecomp.c"
Finished building: "../driverlib/MSP430FR2xx_4xx/ecomp.c"
 
Building file: "../driverlib/MSP430FR2xx_4xx/eusci_a_spi.c"
Invoking: MSP430 Compiler
"C:/Software/ccs83/ccsv8/tools/compiler/ti-cgt-msp430_18.1.4.LTS/bin/cl430" -vmspx --use_hw_mpy=none --include_path="C:/Software/ccs83/ccsv8/ccs_base/msp430/include" --include_path="N:/ECE298/API_Examples/Example_Keypad" --include_path="N:/ECE298/API_Examples/Example_Keypad/driverlib/MSP430FR2xx_4xx" --include_path="C:/Software/ccs83/ccsv8/tools/compiler/ti-cgt-msp430_18.1.4.LTS/include" --advice:power="none" --advice:hw_config=all --define=__MSP430FR4133__ --define=DEPRECATED -g --printf_support=minimal --diag_warning=225 --diag_wrap=off --display_error_number --silicon_errata=CPU21 --silicon_errata=CPU22 --silicon_errata=CPU40 --preproc_with_compile --preproc_dependency="driverlib/MSP430FR2xx_4xx/eusci_a_spi.d_raw" --obj_directory="driverlib/MSP430FR2xx_4xx"  "../driverlib/MSP430FR2xx_4xx/eusci_a_spi.c"
Finished building: "../driverlib/MSP430FR2xx_4xx/eusci_a_spi.c"
 
Building file: "../driverlib/MSP430FR2xx_4xx/eusci_a_uart.c"
Invoking: MSP430 Compiler
"C:/Software/ccs83/ccsv8/tools/compiler/ti-cgt-msp430_18.1.4.LTS/bin/cl430" -vmspx --use_hw_mpy=none --include_path="C:/Software/ccs83/ccsv8/ccs_base/msp430/include" --include_path="N:/ECE298/API_Examples/Example_Keypad" --include_path="N:/ECE298/API_Examples/Example_Keypad/driverlib/MSP430FR2xx_4xx" --include_path="C:/Software/ccs83/ccsv8/tools/compiler/ti-cgt-msp430_18.1.4.LTS/include" --advice:power="none" --advice:hw_config=all --define=__MSP430FR4133__ --define=DEPRECATED -g --printf_support=minimal --diag_warning=225 --diag_wrap=off --display_error_number --silicon_errata=CPU21 --silicon_errata=CPU22 --silicon_errata=CPU40 --preproc_with_compile --preproc_dependency="driverlib/MSP430FR2xx_4xx/eusci_a_uart.d_raw" --obj_directory="driverlib/MSP430FR2xx_4xx"  "../driverlib/MSP430FR2xx_4xx/eusci_a_uart.c"
Finished building: "../driverlib/MSP430FR2xx_4xx/eusci_a_uart.c"
 
Building file: "../driverlib/MSP430FR2xx_4xx/eusci_b_spi.c"
Invoking: MSP430 Compiler
"C:/Software/ccs83/ccsv8/tools/compiler/ti-cgt-msp430_18.1.4.LTS/bin/cl430" -vmspx --use_hw_mpy=none --include_path="C:/Software/ccs83/ccsv8/ccs_base/msp430/include" --include_path="N:/ECE298/API_Examples/Example_Keypad" --include_path="N:/ECE298/API_Examples/Example_Keypad/driverlib/MSP430FR2xx_4xx" --include_path="C:/Software/ccs83/ccsv8/tools/compiler/ti-cgt-msp430_18.1.4.LTS/include" --advice:power="none" --advice:hw_config=all --define=__MSP430FR4133__ --define=DEPRECATED -g --printf_support=minimal --diag_warning=225 --diag_wrap=off --display_error_number --silicon_errata=CPU21 --silicon_errata=CPU22 --silicon_errata=CPU40 --preproc_with_compile --preproc_dependency="driverlib/MSP430FR2xx_4xx/eusci_b_spi.d_raw" --obj_directory="driverlib/MSP430FR2xx_4xx"  "../driverlib/MSP430FR2xx_4xx/eusci_b_spi.c"
Finished building: "../driverlib/MSP430FR2xx_4xx/eusci_b_spi.c"
 
Building file: "../driverlib/MSP430FR2xx_4xx/eusci_b_i2c.c"
Invoking: MSP430 Compiler
"C:/Software/ccs83/ccsv8/tools/compiler/ti-cgt-msp430_18.1.4.LTS/bin/cl430" -vmspx --use_hw_mpy=none --include_path="C:/Software/ccs83/ccsv8/ccs_base/msp430/include" --include_path="N:/ECE298/API_Examples/Example_Keypad" --include_path="N:/ECE298/API_Examples/Example_Keypad/driverlib/MSP430FR2xx_4xx" --include_path="C:/Software/ccs83/ccsv8/tools/compiler/ti-cgt-msp430_18.1.4.LTS/include" --advice:power="none" --advice:hw_config=all --define=__MSP430FR4133__ --define=DEPRECATED -g --printf_support=minimal --diag_warning=225 --diag_wrap=off --display_error_number --silicon_errata=CPU21 --silicon_errata=CPU22 --silicon_errata=CPU40 --preproc_with_compile --preproc_dependency="driverlib/MSP430FR2xx_4xx/eusci_b_i2c.d_raw" --obj_directory="driverlib/MSP430FR2xx_4xx"  "../driverlib/MSP430FR2xx_4xx/eusci_b_i2c.c"
Finished building: "../driverlib/MSP430FR2xx_4xx/eusci_b_i2c.c"
 
Building file: "../driverlib/MSP430FR2xx_4xx/framctl.c"
Invoking: MSP430 Compiler
"C:/Software/ccs83/ccsv8/tools/compiler/ti-cgt-msp430_18.1.4.LTS/bin/cl430" -vmspx --use_hw_mpy=none --include_path="C:/Software/ccs83/ccsv8/ccs_base/msp430/include" --include_path="N:/ECE298/API_Examples/Example_Keypad" --include_path="N:/ECE298/API_Examples/Example_Keypad/driverlib/MSP430FR2xx_4xx" --include_path="C:/Software/ccs83/ccsv8/tools/compiler/ti-cgt-msp430_18.1.4.LTS/include" --advice:power="none" --advice:hw_config=all --define=__MSP430FR4133__ --define=DEPRECATED -g --printf_support=minimal --diag_warning=225 --diag_wrap=off --display_error_number --silicon_errata=CPU21 --silicon_errata=CPU22 --silicon_errata=CPU40 --preproc_with_compile --preproc_dependency="driverlib/MSP430FR2xx_4xx/framctl.d_raw" --obj_directory="driverlib/MSP430FR2xx_4xx"  "../driverlib/MSP430FR2xx_4xx/framctl.c"
Finished building: "../driverlib/MSP430FR2xx_4xx/framctl.c"
 
Building file: "../driverlib/MSP430FR2xx_4xx/gpio.c"
Invoking: MSP430 Compiler
"C:/Software/ccs83/ccsv8/tools/compiler/ti-cgt-msp430_18.1.4.LTS/bin/cl430" -vmspx --use_hw_mpy=none --include_path="C:/Software/ccs83/ccsv8/ccs_base/msp430/include" --include_path="N:/ECE298/API_Examples/Example_Keypad" --include_path="N:/ECE298/API_Examples/Example_Keypad/driverlib/MSP430FR2xx_4xx" --include_path="C:/Software/ccs83/ccsv8/tools/compiler/ti-cgt-msp430_18.1.4.LTS/include" --advice:power="none" --advice:hw_config=all --define=__MSP430FR4133__ --define=DEPRECATED -g --printf_support=minimal --diag_warning=225 --diag_wrap=off --display_error_number --silicon_errata=CPU21 --silicon_errata=CPU22 --silicon_errata=CPU40 --preproc_with_compile --preproc_dependency="driverlib/MSP430FR2xx_4xx/gpio.d_raw" --obj_directory="driverlib/MSP430FR2xx_4xx"  "../driverlib/MSP430FR2xx_4xx/gpio.c"
Finished building: "../driverlib/MSP430FR2xx_4xx/gpio.c"
 
Building file: "../driverlib/MSP430FR2xx_4xx/icc.c"
Invoking: MSP430 Compiler
"C:/Software/ccs83/ccsv8/tools/compiler/ti-cgt-msp430_18.1.4.LTS/bin/cl430" -vmspx --use_hw_mpy=none --include_path="C:/Software/ccs83/ccsv8/ccs_base/msp430/include" --include_path="N:/ECE298/API_Examples/Example_Keypad" --include_path="N:/ECE298/API_Examples/Example_Keypad/driverlib/MSP430FR2xx_4xx" --include_path="C:/Software/ccs83/ccsv8/tools/compiler/ti-cgt-msp430_18.1.4.LTS/include" --advice:power="none" --advice:hw_config=all --define=__MSP430FR4133__ --define=DEPRECATED -g --printf_support=minimal --diag_warning=225 --diag_wrap=off --display_error_number --silicon_errata=CPU21 --silicon_errata=CPU22 --silicon_errata=CPU40 --preproc_with_compile --preproc_dependency="driverlib/MSP430FR2xx_4xx/icc.d_raw" --obj_directory="driverlib/MSP430FR2xx_4xx"  "../driverlib/MSP430FR2xx_4xx/icc.c"
Finished building: "../driverlib/MSP430FR2xx_4xx/icc.c"
 
Building file: "../driverlib/MSP430FR2xx_4xx/mpy32.c"
Invoking: MSP430 Compiler
"C:/Software/ccs83/ccsv8/tools/compiler/ti-cgt-msp430_18.1.4.LTS/bin/cl430" -vmspx --use_hw_mpy=none --include_path="C:/Software/ccs83/ccsv8/ccs_base/msp430/include" --include_path="N:/ECE298/API_Examples/Example_Keypad" --include_path="N:/ECE298/API_Examples/Example_Keypad/driverlib/MSP430FR2xx_4xx" --include_path="C:/Software/ccs83/ccsv8/tools/compiler/ti-cgt-msp430_18.1.4.LTS/include" --advice:power="none" --advice:hw_config=all --define=__MSP430FR4133__ --define=DEPRECATED -g --printf_support=minimal --diag_warning=225 --diag_wrap=off --display_error_number --silicon_errata=CPU21 --silicon_errata=CPU22 --silicon_errata=CPU40 --preproc_with_compile --preproc_dependency="driverlib/MSP430FR2xx_4xx/mpy32.d_raw" --obj_directory="driverlib/MSP430FR2xx_4xx"  "../driverlib/MSP430FR2xx_4xx/mpy32.c"
Finished building: "../driverlib/MSP430FR2xx_4xx/mpy32.c"
 
Building file: "../driverlib/MSP430FR2xx_4xx/pmm.c"
Invoking: MSP430 Compiler
"C:/Software/ccs83/ccsv8/tools/compiler/ti-cgt-msp430_18.1.4.LTS/bin/cl430" -vmspx --use_hw_mpy=none --include_path="C:/Software/ccs83/ccsv8/ccs_base/msp430/include" --include_path="N:/ECE298/API_Examples/Example_Keypad" --include_path="N:/ECE298/API_Examples/Example_Keypad/driverlib/MSP430FR2xx_4xx" --include_path="C:/Software/ccs83/ccsv8/tools/compiler/ti-cgt-msp430_18.1.4.LTS/include" --advice:power="none" --advice:hw_config=all --define=__MSP430FR4133__ --define=DEPRECATED -g --printf_support=minimal --diag_warning=225 --diag_wrap=off --display_error_number --silicon_errata=CPU21 --silicon_errata=CPU22 --silicon_errata=CPU40 --preproc_with_compile --preproc_dependency="driverlib/MSP430FR2xx_4xx/pmm.d_raw" --obj_directory="driverlib/MSP430FR2xx_4xx"  "../driverlib/MSP430FR2xx_4xx/pmm.c"
Finished building: "../driverlib/MSP430FR2xx_4xx/pmm.c"
 
Building file: "../driverlib/MSP430FR2xx_4xx/lcd_e.c"
Invoking: MSP430 Compiler
"C:/Software/ccs83/ccsv8/tools/compiler/ti-cgt-msp430_18.1.4.LTS/bin/cl430" -vmspx --use_hw_mpy=none --include_path="C:/Software/ccs83/ccsv8/ccs_base/msp430/include" --include_path="N:/ECE298/API_Examples/Example_Keypad" --include_path="N:/ECE298/API_Examples/Example_Keypad/driverlib/MSP430FR2xx_4xx" --include_path="C:/Software/ccs83/ccsv8/tools/compiler/ti-cgt-msp430_18.1.4.LTS/include" --advice:power="none" --advice:hw_config=all --define=__MSP430FR4133__ --define=DEPRECATED -g --printf_support=minimal --diag_warning=225 --diag_wrap=off --display_error_number --silicon_errata=CPU21 --silicon_errata=CPU22 --silicon_errata=CPU40 --preproc_with_compile --preproc_dependency="driverlib/MSP430FR2xx_4xx/lcd_e.d_raw" --obj_directory="driverlib/MSP430FR2xx_4xx"  "../driverlib/MSP430FR2xx_4xx/lcd_e.c"
Finished building: "../driverlib/MSP430FR2xx_4xx/lcd_e.c"
 
Building file: "../driverlib/MSP430FR2xx_4xx/rtc.c"
Invoking: MSP430 Compiler
"C:/Software/ccs83/ccsv8/tools/compiler/ti-cgt-msp430_18.1.4.LTS/bin/cl430" -vmspx --use_hw_mpy=none --include_path="C:/Software/ccs83/ccsv8/ccs_base/msp430/include" --include_path="N:/ECE298/API_Examples/Example_Keypad" --include_path="N:/ECE298/API_Examples/Example_Keypad/driverlib/MSP430FR2xx_4xx" --include_path="C:/Software/ccs83/ccsv8/tools/compiler/ti-cgt-msp430_18.1.4.LTS/include" --advice:power="none" --advice:hw_config=all --define=__MSP430FR4133__ --define=DEPRECATED -g --printf_support=minimal --diag_warning=225 --diag_wrap=off --display_error_number --silicon_errata=CPU21 --silicon_errata=CPU22 --silicon_errata=CPU40 --preproc_with_compile --preproc_dependency="driverlib/MSP430FR2xx_4xx/rtc.d_raw" --obj_directory="driverlib/MSP430FR2xx_4xx"  "../driverlib/MSP430FR2xx_4xx/rtc.c"
Finished building: "../driverlib/MSP430FR2xx_4xx/rtc.c"
 
Building file: "../driverlib/MSP430FR2xx_4xx/sac.c"
Invoking: MSP430 Compiler
"C:/Software/ccs83/ccsv8/tools/compiler/ti-cgt-msp430_18.1.4.LTS/bin/cl430" -vmspx --use_hw_mpy=none --include_path="C:/Software/ccs83/ccsv8/ccs_base/msp430/include" --include_path="N:/ECE298/API_Examples/Example_Keypad" --include_path="N:/ECE298/API_Examples/Example_Keypad/driverlib/MSP430FR2xx_4xx" --include_path="C:/Software/ccs83/ccsv8/tools/compiler/ti-cgt-msp430_18.1.4.LTS/include" --advice:power="none" --advice:hw_config=all --define=__MSP430FR4133__ --define=DEPRECATED -g --printf_support=minimal --diag_warning=225 --diag_wrap=off --display_error_number --silicon_errata=CPU21 --silicon_errata=CPU22 --silicon_errata=CPU40 --preproc_with_compile --preproc_dependency="driverlib/MSP430FR2xx_4xx/sac.d_raw" --obj_directory="driverlib/MSP430FR2xx_4xx"  "../driverlib/MSP430FR2xx_4xx/sac.c"
Finished building: "../driverlib/MSP430FR2xx_4xx/sac.c"
 
Building file: "../driverlib/MSP430FR2xx_4xx/sfr.c"
Invoking: MSP430 Compiler
"C:/Software/ccs83/ccsv8/tools/compiler/ti-cgt-msp430_18.1.4.LTS/bin/cl430" -vmspx --use_hw_mpy=none --include_path="C:/Software/ccs83/ccsv8/ccs_base/msp430/include" --include_path="N:/ECE298/API_Examples/Example_Keypad" --include_path="N:/ECE298/API_Examples/Example_Keypad/driverlib/MSP430FR2xx_4xx" --include_path="C:/Software/ccs83/ccsv8/tools/compiler/ti-cgt-msp430_18.1.4.LTS/include" --advice:power="none" --advice:hw_config=all --define=__MSP430FR4133__ --define=DEPRECATED -g --printf_support=minimal --diag_warning=225 --diag_wrap=off --display_error_number --silicon_errata=CPU21 --silicon_errata=CPU22 --silicon_errata=CPU40 --preproc_with_compile --preproc_dependency="driverlib/MSP430FR2xx_4xx/sfr.d_raw" --obj_directory="driverlib/MSP430FR2xx_4xx"  "../driverlib/MSP430FR2xx_4xx/sfr.c"
Finished building: "../driverlib/MSP430FR2xx_4xx/sfr.c"
 
Building file: "../driverlib/MSP430FR2xx_4xx/sysctl.c"
Invoking: MSP430 Compiler
"C:/Software/ccs83/ccsv8/tools/compiler/ti-cgt-msp430_18.1.4.LTS/bin/cl430" -vmspx --use_hw_mpy=none --include_path="C:/Software/ccs83/ccsv8/ccs_base/msp430/include" --include_path="N:/ECE298/API_Examples/Example_Keypad" --include_path="N:/ECE298/API_Examples/Example_Keypad/driverlib/MSP430FR2xx_4xx" --include_path="C:/Software/ccs83/ccsv8/tools/compiler/ti-cgt-msp430_18.1.4.LTS/include" --advice:power="none" --advice:hw_config=all --define=__MSP430FR4133__ --define=DEPRECATED -g --printf_support=minimal --diag_warning=225 --diag_wrap=off --display_error_number --silicon_errata=CPU21 --silicon_errata=CPU22 --silicon_errata=CPU40 --preproc_with_compile --preproc_dependency="driverlib/MSP430FR2xx_4xx/sysctl.d_raw" --obj_directory="driverlib/MSP430FR2xx_4xx"  "../driverlib/MSP430FR2xx_4xx/sysctl.c"
Finished building: "../driverlib/MSP430FR2xx_4xx/sysctl.c"
 
Building file: "../driverlib/MSP430FR2xx_4xx/tia.c"
Invoking: MSP430 Compiler
"C:/Software/ccs83/ccsv8/tools/compiler/ti-cgt-msp430_18.1.4.LTS/bin/cl430" -vmspx --use_hw_mpy=none --include_path="C:/Software/ccs83/ccsv8/ccs_base/msp430/include" --include_path="N:/ECE298/API_Examples/Example_Keypad" --include_path="N:/ECE298/API_Examples/Example_Keypad/driverlib/MSP430FR2xx_4xx" --include_path="C:/Software/ccs83/ccsv8/tools/compiler/ti-cgt-msp430_18.1.4.LTS/include" --advice:power="none" --advice:hw_config=all --define=__MSP430FR4133__ --define=DEPRECATED -g --printf_support=minimal --diag_warning=225 --diag_wrap=off --display_error_number --silicon_errata=CPU21 --silicon_errata=CPU22 --silicon_errata=CPU40 --preproc_with_compile --preproc_dependency="driverlib/MSP430FR2xx_4xx/tia.d_raw" --obj_directory="driverlib/MSP430FR2xx_4xx"  "../driverlib/MSP430FR2xx_4xx/tia.c"
Finished building: "../driverlib/MSP430FR2xx_4xx/tia.c"
 
Building file: "../driverlib/MSP430FR2xx_4xx/timer_b.c"
Invoking: MSP430 Compiler
"C:/Software/ccs83/ccsv8/tools/compiler/ti-cgt-msp430_18.1.4.LTS/bin/cl430" -vmspx --use_hw_mpy=none --include_path="C:/Software/ccs83/ccsv8/ccs_base/msp430/include" --include_path="N:/ECE298/API_Examples/Example_Keypad" --include_path="N:/ECE298/API_Examples/Example_Keypad/driverlib/MSP430FR2xx_4xx" --include_path="C:/Software/ccs83/ccsv8/tools/compiler/ti-cgt-msp430_18.1.4.LTS/include" --advice:power="none" --advice:hw_config=all --define=__MSP430FR4133__ --define=DEPRECATED -g --printf_support=minimal --diag_warning=225 --diag_wrap=off --display_error_number --silicon_errata=CPU21 --silicon_errata=CPU22 --silicon_errata=CPU40 --preproc_with_compile --preproc_dependency="driverlib/MSP430FR2xx_4xx/timer_b.d_raw" --obj_directory="driverlib/MSP430FR2xx_4xx"  "../driverlib/MSP430FR2xx_4xx/timer_b.c"
Finished building: "../driverlib/MSP430FR2xx_4xx/timer_b.c"
 
Building file: "../driverlib/MSP430FR2xx_4xx/timer_a.c"
Invoking: MSP430 Compiler
"C:/Software/ccs83/ccsv8/tools/compiler/ti-cgt-msp430_18.1.4.LTS/bin/cl430" -vmspx --use_hw_mpy=none --include_path="C:/Software/ccs83/ccsv8/ccs_base/msp430/include" --include_path="N:/ECE298/API_Examples/Example_Keypad" --include_path="N:/ECE298/API_Examples/Example_Keypad/driverlib/MSP430FR2xx_4xx" --include_path="C:/Software/ccs83/ccsv8/tools/compiler/ti-cgt-msp430_18.1.4.LTS/include" --advice:power="none" --advice:hw_config=all --define=__MSP430FR4133__ --define=DEPRECATED -g --printf_support=minimal --diag_warning=225 --diag_wrap=off --display_error_number --silicon_errata=CPU21 --silicon_errata=CPU22 --silicon_errata=CPU40 --preproc_with_compile --preproc_dependency="driverlib/MSP430FR2xx_4xx/timer_a.d_raw" --obj_directory="driverlib/MSP430FR2xx_4xx"  "../driverlib/MSP430FR2xx_4xx/timer_a.c"
Finished building: "../driverlib/MSP430FR2xx_4xx/timer_a.c"
 
Building file: "../driverlib/MSP430FR2xx_4xx/wdt_a.c"
Invoking: MSP430 Compiler
"C:/Software/ccs83/ccsv8/tools/compiler/ti-cgt-msp430_18.1.4.LTS/bin/cl430" -vmspx --use_hw_mpy=none --include_path="C:/Software/ccs83/ccsv8/ccs_base/msp430/include" --include_path="N:/ECE298/API_Examples/Example_Keypad" --include_path="N:/ECE298/API_Examples/Example_Keypad/driverlib/MSP430FR2xx_4xx" --include_path="C:/Software/ccs83/ccsv8/tools/compiler/ti-cgt-msp430_18.1.4.LTS/include" --advice:power="none" --advice:hw_config=all --define=__MSP430FR4133__ --define=DEPRECATED -g --printf_support=minimal --diag_warning=225 --diag_wrap=off --display_error_number --silicon_errata=CPU21 --silicon_errata=CPU22 --silicon_errata=CPU40 --preproc_with_compile --preproc_dependency="driverlib/MSP430FR2xx_4xx/wdt_a.d_raw" --obj_directory="driverlib/MSP430FR2xx_4xx"  "../driverlib/MSP430FR2xx_4xx/wdt_a.c"
Finished building: "../driverlib/MSP430FR2xx_4xx/wdt_a.c"
 
Building file: "../driverlib/MSP430FR2xx_4xx/tlv.c"
Invoking: MSP430 Compiler
"C:/Software/ccs83/ccsv8/tools/compiler/ti-cgt-msp430_18.1.4.LTS/bin/cl430" -vmspx --use_hw_mpy=none --include_path="C:/Software/ccs83/ccsv8/ccs_base/msp430/include" --include_path="N:/ECE298/API_Examples/Example_Keypad" --include_path="N:/ECE298/API_Examples/Example_Keypad/driverlib/MSP430FR2xx_4xx" --include_path="C:/Software/ccs83/ccsv8/tools/compiler/ti-cgt-msp430_18.1.4.LTS/include" --advice:power="none" --advice:hw_config=all --define=__MSP430FR4133__ --define=DEPRECATED -g --printf_support=minimal --diag_warning=225 --diag_wrap=off --display_error_number --silicon_errata=CPU21 --silicon_errata=CPU22 --silicon_errata=CPU40 --preproc_with_compile --preproc_dependency="driverlib/MSP430FR2xx_4xx/tlv.d_raw" --obj_directory="driverlib/MSP430FR2xx_4xx"  "../driverlib/MSP430FR2xx_4xx/tlv.c"
Finished building: "../driverlib/MSP430FR2xx_4xx/tlv.c"
 
Building target: "Example_Keypad.out"
Invoking: MSP430 Linker
"C:/Software/ccs83/ccsv8/tools/compiler/ti-cgt-msp430_18.1.4.LTS/bin/cl430" -vmspx --use_hw_mpy=none --advice:power="none" --advice:hw_config=all --define=__MSP430FR4133__ --define=DEPRECATED -g --printf_support=minimal --diag_warning=225 --diag_wrap=off --display_error_number --silicon_errata=CPU21 --silicon_errata=CPU22 --silicon_errata=CPU40 -z -m"Example_Keypad.map" --heap_size=160 --stack_size=160 --cinit_hold_wdt=on -i"C:/Software/ccs83/ccsv8/ccs_base/msp430/include" -i"C:/Software/ccs83/ccsv8/tools/compiler/ti-cgt-msp430_18.1.4.LTS/lib" -i"C:/Software/ccs83/ccsv8/tools/compiler/ti-cgt-msp430_18.1.4.LTS/include" --reread_libs --diag_wrap=off --display_error_number --warn_sections --xml_link_info="Example_Keypad_linkInfo.xml" --use_hw_mpy=none --rom_model -o "Example_Keypad.out" "./keypadButton.obj" "./driverlib/MSP430FR2xx_4xx/adc.obj" "./driverlib/MSP430FR2xx_4xx/crc.obj" "./driverlib/MSP430FR2xx_4xx/cs.obj" "./driverlib/MSP430FR2xx_4xx/ecomp.obj" "./driverlib/MSP430FR2xx_4xx/eusci_a_spi.obj" "./driverlib/MSP430FR2xx_4xx/eusci_a_uart.obj" "./driverlib/MSP430FR2xx_4xx/eusci_b_i2c.obj" "./driverlib/MSP430FR2xx_4xx/eusci_b_spi.obj" "./driverlib/MSP430FR2xx_4xx/framctl.obj" "./driverlib/MSP430FR2xx_4xx/gpio.obj" "./driverlib/MSP430FR2xx_4xx/icc.obj" "./driverlib/MSP430FR2xx_4xx/lcd_e.obj" "./driverlib/MSP430FR2xx_4xx/mpy32.obj" "./driverlib/MSP430FR2xx_4xx/pmm.obj" "./driverlib/MSP430FR2xx_4xx/rtc.obj" "./driverlib/MSP430FR2xx_4xx/sac.obj" "./driverlib/MSP430FR2xx_4xx/sfr.obj" "./driverlib/MSP430FR2xx_4xx/sysctl.obj" "./driverlib/MSP430FR2xx_4xx/tia.obj" "./driverlib/MSP430FR2xx_4xx/timer_a.obj" "./driverlib/MSP430FR2xx_4xx/timer_b.obj" "./driverlib/MSP430FR2xx_4xx/tlv.obj" "./driverlib/MSP430FR2xx_4xx/wdt_a.obj" "../lnk_msp430fr4133.cmd"  -llibc.a 
<Linking>
Finished building target: "Example_Keypad.out"
 

**** Build Finished ****

**** Build of configuration Debug for project Example_Keypad ****

"C:\\Software\\ccs83\\ccsv8\\utils\\bin\\gmake" -k -j 4 all -O 
 
gmake[1]: 'Example_Keypad.out' is up to date.

**** Build Finished ****

**** Build of configuration Debug for project Example_Keypad ****

"C:\\Software\\ccs83\\ccsv8\\utils\\bin\\gmake" -k -j 4 all -O 
 
gmake[1]: 'Example_Keypad.out' is up to date.

**** Build Finished ****

**** Build of configuration Debug for project Example_Keypad ****

"C:\\Software\\ccs83\\ccsv8\\utils\\bin\\gmake" -k -j 4 all -O 
 
gmake[1]: 'Example_Keypad.out' is up to date.

**** Build Finished ****

**** Build of configuration Debug for project Example_Keypad ****

"C:\\Software\\ccs83\\ccsv8\\utils\\bin\\gmake" -k -j 4 all -O 
 
gmake[1]: 'Example_Keypad.out' is up to date.

**** Build Finished ****

**** Clean-only build of configuration Debug for project Example_Keypad ****

"C:\\Software\\ccs83\\ccsv8\\utils\\bin\\gmake" -k -j 4 clean -O 
 
DEL /F  "Example_Keypad.hex"  "Example_Keypad.out" 
DEL /F "keypadButton.obj" "driverlib\MSP430FR2xx_4xx\adc.obj" "driverlib\MSP430FR2xx_4xx\crc.obj" "driverlib\MSP430FR2xx_4xx\cs.obj" "driverlib\MSP430FR2xx_4xx\ecomp.obj" "driverlib\MSP430FR2xx_4xx\eusci_a_spi.obj" "driverlib\MSP430FR2xx_4xx\eusci_a_uart.obj" "driverlib\MSP430FR2xx_4xx\eusci_b_i2c.obj" "driverlib\MSP430FR2xx_4xx\eusci_b_spi.obj" "driverlib\MSP430FR2xx_4xx\framctl.obj" "driverlib\MSP430FR2xx_4xx\gpio.obj" "driverlib\MSP430FR2xx_4xx\icc.obj" "driverlib\MSP430FR2xx_4xx\lcd_e.obj" "driverlib\MSP430FR2xx_4xx\mpy32.obj" "driverlib\MSP430FR2xx_4xx\pmm.obj" "driverlib\MSP430FR2xx_4xx\rtc.obj" "driverlib\MSP430FR2xx_4xx\sac.obj" "driverlib\MSP430FR2xx_4xx\sfr.obj" "driverlib\MSP430FR2xx_4xx\sysctl.obj" "driverlib\MSP430FR2xx_4xx\tia.obj" "driverlib\MSP430FR2xx_4xx\timer_a.obj" "driverlib\MSP430FR2xx_4xx\timer_b.obj" "driverlib\MSP430FR2xx_4xx\tlv.obj" "driverlib\MSP430FR2xx_4xx\wdt_a.obj" 
DEL /F "keypadButton.d" "driverlib\MSP430FR2xx_4xx\adc.d" "driverlib\MSP430FR2xx_4xx\crc.d" "driverlib\MSP430FR2xx_4xx\cs.d" "driverlib\MSP430FR2xx_4xx\ecomp.d" "driverlib\MSP430FR2xx_4xx\eusci_a_spi.d" "driverlib\MSP430FR2xx_4xx\eusci_a_uart.d" "driverlib\MSP430FR2xx_4xx\eusci_b_i2c.d" "driverlib\MSP430FR2xx_4xx\eusci_b_spi.d" "driverlib\MSP430FR2xx_4xx\framctl.d" "driverlib\MSP430FR2xx_4xx\gpio.d" "driverlib\MSP430FR2xx_4xx\icc.d" "driverlib\MSP430FR2xx_4xx\lcd_e.d" "driverlib\MSP430FR2xx_4xx\mpy32.d" "driverlib\MSP430FR2xx_4xx\pmm.d" "driverlib\MSP430FR2xx_4xx\rtc.d" "driverlib\MSP430FR2xx_4xx\sac.d" "driverlib\MSP430FR2xx_4xx\sfr.d" "driverlib\MSP430FR2xx_4xx\sysctl.d" "driverlib\MSP430FR2xx_4xx\tia.d" "driverlib\MSP430FR2xx_4xx\timer_a.d" "driverlib\MSP430FR2xx_4xx\timer_b.d" "driverlib\MSP430FR2xx_4xx\tlv.d" "driverlib\MSP430FR2xx_4xx\wdt_a.d" 
Finished clean
 

**** Build Finished ****

**** Clean-only build of configuration Debug for project Example_Keypad ****

"C:\\Software\\ccs83\\ccsv8\\utils\\bin\\gmake" -k -j 4 clean -O 
 
DEL /F  "Example_Keypad.hex"  "Example_Keypad.out" 
DEL /F "keypadButton.obj" "driverlib\MSP430FR2xx_4xx\adc.obj" "driverlib\MSP430FR2xx_4xx\crc.obj" "driverlib\MSP430FR2xx_4xx\cs.obj" "driverlib\MSP430FR2xx_4xx\ecomp.obj" "driverlib\MSP430FR2xx_4xx\eusci_a_spi.obj" "driverlib\MSP430FR2xx_4xx\eusci_a_uart.obj" "driverlib\MSP430FR2xx_4xx\eusci_b_i2c.obj" "driverlib\MSP430FR2xx_4xx\eusci_b_spi.obj" "driverlib\MSP430FR2xx_4xx\framctl.obj" "driverlib\MSP430FR2xx_4xx\gpio.obj" "driverlib\MSP430FR2xx_4xx\icc.obj" "driverlib\MSP430FR2xx_4xx\lcd_e.obj" "driverlib\MSP430FR2xx_4xx\mpy32.obj" "driverlib\MSP430FR2xx_4xx\pmm.obj" "driverlib\MSP430FR2xx_4xx\rtc.obj" "driverlib\MSP430FR2xx_4xx\sac.obj" "driverlib\MSP430FR2xx_4xx\sfr.obj" "driverlib\MSP430FR2xx_4xx\sysctl.obj" "driverlib\MSP430FR2xx_4xx\tia.obj" "driverlib\MSP430FR2xx_4xx\timer_a.obj" "driverlib\MSP430FR2xx_4xx\timer_b.obj" "driverlib\MSP430FR2xx_4xx\tlv.obj" "driverlib\MSP430FR2xx_4xx\wdt_a.obj" 
DEL /F "keypadButton.d" "driverlib\MSP430FR2xx_4xx\adc.d" "driverlib\MSP430FR2xx_4xx\crc.d" "driverlib\MSP430FR2xx_4xx\cs.d" "driverlib\MSP430FR2xx_4xx\ecomp.d" "driverlib\MSP430FR2xx_4xx\eusci_a_spi.d" "driverlib\MSP430FR2xx_4xx\eusci_a_uart.d" "driverlib\MSP430FR2xx_4xx\eusci_b_i2c.d" "driverlib\MSP430FR2xx_4xx\eusci_b_spi.d" "driverlib\MSP430FR2xx_4xx\framctl.d" "driverlib\MSP430FR2xx_4xx\gpio.d" "driverlib\MSP430FR2xx_4xx\icc.d" "driverlib\MSP430FR2xx_4xx\lcd_e.d" "driverlib\MSP430FR2xx_4xx\mpy32.d" "driverlib\MSP430FR2xx_4xx\pmm.d" "driverlib\MSP430FR2xx_4xx\rtc.d" "driverlib\MSP430FR2xx_4xx\sac.d" "driverlib\MSP430FR2xx_4xx\sfr.d" "driverlib\MSP430FR2xx_4xx\sysctl.d" "driverlib\MSP430FR2xx_4xx\tia.d" "driverlib\MSP430FR2xx_4xx\timer_a.d" "driverlib\MSP430FR2xx_4xx\timer_b.d" "driverlib\MSP430FR2xx_4xx\tlv.d" "driverlib\MSP430FR2xx_4xx\wdt_a.d" 
Could Not Find N:\ECE298\API_Examples\Example_Keypad\Debug\Example_Keypad.hex
Could Not Find N:\ECE298\API_Examples\Example_Keypad\Debug\keypadButton.obj
Could Not Find N:\ECE298\API_Examples\Example_Keypad\Debug\driverlib\MSP430FR2xx_4xx\adc.obj
Could Not Find N:\ECE298\API_Examples\Example_Keypad\Debug\keypadButton.d
Could Not Find N:\ECE298\API_Examples\Example_Keypad\Debug\driverlib\MSP430FR2xx_4xx\adc.d
Finished clean
 

**** Build Finished ****

**** Build of configuration Debug for project Example_Keypad ****

"C:\\Software\\ccs83\\ccsv8\\utils\\bin\\gmake" -k -j 4 all -O 
 
Building file: "../driverlib/MSP430FR2xx_4xx/adc.c"
Invoking: MSP430 Compiler
"C:/Software/ccs83/ccsv8/tools/compiler/ti-cgt-msp430_18.1.4.LTS/bin/cl430" -vmspx --use_hw_mpy=none --include_path="C:/Software/ccs83/ccsv8/ccs_base/msp430/include" --include_path="N:/ECE298/API_Examples/Example_Keypad" --include_path="N:/ECE298/API_Examples/Example_Keypad/driverlib/MSP430FR2xx_4xx" --include_path="C:/Software/ccs83/ccsv8/tools/compiler/ti-cgt-msp430_18.1.4.LTS/include" --advice:power="none" --advice:hw_config=all --define=__MSP430FR4133__ --define=DEPRECATED -g --printf_support=minimal --diag_warning=225 --diag_wrap=off --display_error_number --silicon_errata=CPU21 --silicon_errata=CPU22 --silicon_errata=CPU40 --preproc_with_compile --preproc_dependency="driverlib/MSP430FR2xx_4xx/adc.d_raw" --obj_directory="driverlib/MSP430FR2xx_4xx"  "../driverlib/MSP430FR2xx_4xx/adc.c"
Finished building: "../driverlib/MSP430FR2xx_4xx/adc.c"
 
Building file: "../driverlib/MSP430FR2xx_4xx/crc.c"
Invoking: MSP430 Compiler
"C:/Software/ccs83/ccsv8/tools/compiler/ti-cgt-msp430_18.1.4.LTS/bin/cl430" -vmspx --use_hw_mpy=none --include_path="C:/Software/ccs83/ccsv8/ccs_base/msp430/include" --include_path="N:/ECE298/API_Examples/Example_Keypad" --include_path="N:/ECE298/API_Examples/Example_Keypad/driverlib/MSP430FR2xx_4xx" --include_path="C:/Software/ccs83/ccsv8/tools/compiler/ti-cgt-msp430_18.1.4.LTS/include" --advice:power="none" --advice:hw_config=all --define=__MSP430FR4133__ --define=DEPRECATED -g --printf_support=minimal --diag_warning=225 --diag_wrap=off --display_error_number --silicon_errata=CPU21 --silicon_errata=CPU22 --silicon_errata=CPU40 --preproc_with_compile --preproc_dependency="driverlib/MSP430FR2xx_4xx/crc.d_raw" --obj_directory="driverlib/MSP430FR2xx_4xx"  "../driverlib/MSP430FR2xx_4xx/crc.c"
Finished building: "../driverlib/MSP430FR2xx_4xx/crc.c"
 
Building file: "../keypadButton.c"
Invoking: MSP430 Compiler
"C:/Software/ccs83/ccsv8/tools/compiler/ti-cgt-msp430_18.1.4.LTS/bin/cl430" -vmspx --use_hw_mpy=none --include_path="C:/Software/ccs83/ccsv8/ccs_base/msp430/include" --include_path="N:/ECE298/API_Examples/Example_Keypad" --include_path="N:/ECE298/API_Examples/Example_Keypad/driverlib/MSP430FR2xx_4xx" --include_path="C:/Software/ccs83/ccsv8/tools/compiler/ti-cgt-msp430_18.1.4.LTS/include" --advice:power="none" --advice:hw_config=all --define=__MSP430FR4133__ --define=DEPRECATED -g --printf_support=minimal --diag_warning=225 --diag_wrap=off --display_error_number --silicon_errata=CPU21 --silicon_errata=CPU22 --silicon_errata=CPU40 --preproc_with_compile --preproc_dependency="keypadButton.d_raw"  "../keypadButton.c"
Finished building: "../keypadButton.c"
 
Building file: "../driverlib/MSP430FR2xx_4xx/cs.c"
Invoking: MSP430 Compiler
"C:/Software/ccs83/ccsv8/tools/compiler/ti-cgt-msp430_18.1.4.LTS/bin/cl430" -vmspx --use_hw_mpy=none --include_path="C:/Software/ccs83/ccsv8/ccs_base/msp430/include" --include_path="N:/ECE298/API_Examples/Example_Keypad" --include_path="N:/ECE298/API_Examples/Example_Keypad/driverlib/MSP430FR2xx_4xx" --include_path="C:/Software/ccs83/ccsv8/tools/compiler/ti-cgt-msp430_18.1.4.LTS/include" --advice:power="none" --advice:hw_config=all --define=__MSP430FR4133__ --define=DEPRECATED -g --printf_support=minimal --diag_warning=225 --diag_wrap=off --display_error_number --silicon_errata=CPU21 --silicon_errata=CPU22 --silicon_errata=CPU40 --preproc_with_compile --preproc_dependency="driverlib/MSP430FR2xx_4xx/cs.d_raw" --obj_directory="driverlib/MSP430FR2xx_4xx"  "../driverlib/MSP430FR2xx_4xx/cs.c"
Finished building: "../driverlib/MSP430FR2xx_4xx/cs.c"
 
Building file: "../driverlib/MSP430FR2xx_4xx/ecomp.c"
Invoking: MSP430 Compiler
"C:/Software/ccs83/ccsv8/tools/compiler/ti-cgt-msp430_18.1.4.LTS/bin/cl430" -vmspx --use_hw_mpy=none --include_path="C:/Software/ccs83/ccsv8/ccs_base/msp430/include" --include_path="N:/ECE298/API_Examples/Example_Keypad" --include_path="N:/ECE298/API_Examples/Example_Keypad/driverlib/MSP430FR2xx_4xx" --include_path="C:/Software/ccs83/ccsv8/tools/compiler/ti-cgt-msp430_18.1.4.LTS/include" --advice:power="none" --advice:hw_config=all --define=__MSP430FR4133__ --define=DEPRECATED -g --printf_support=minimal --diag_warning=225 --diag_wrap=off --display_error_number --silicon_errata=CPU21 --silicon_errata=CPU22 --silicon_errata=CPU40 --preproc_with_compile --preproc_dependency="driverlib/MSP430FR2xx_4xx/ecomp.d_raw" --obj_directory="driverlib/MSP430FR2xx_4xx"  "../driverlib/MSP430FR2xx_4xx/ecomp.c"
Finished building: "../driverlib/MSP430FR2xx_4xx/ecomp.c"
 
Building file: "../driverlib/MSP430FR2xx_4xx/eusci_a_spi.c"
Invoking: MSP430 Compiler
"C:/Software/ccs83/ccsv8/tools/compiler/ti-cgt-msp430_18.1.4.LTS/bin/cl430" -vmspx --use_hw_mpy=none --include_path="C:/Software/ccs83/ccsv8/ccs_base/msp430/include" --include_path="N:/ECE298/API_Examples/Example_Keypad" --include_path="N:/ECE298/API_Examples/Example_Keypad/driverlib/MSP430FR2xx_4xx" --include_path="C:/Software/ccs83/ccsv8/tools/compiler/ti-cgt-msp430_18.1.4.LTS/include" --advice:power="none" --advice:hw_config=all --define=__MSP430FR4133__ --define=DEPRECATED -g --printf_support=minimal --diag_warning=225 --diag_wrap=off --display_error_number --silicon_errata=CPU21 --silicon_errata=CPU22 --silicon_errata=CPU40 --preproc_with_compile --preproc_dependency="driverlib/MSP430FR2xx_4xx/eusci_a_spi.d_raw" --obj_directory="driverlib/MSP430FR2xx_4xx"  "../driverlib/MSP430FR2xx_4xx/eusci_a_spi.c"
Finished building: "../driverlib/MSP430FR2xx_4xx/eusci_a_spi.c"
 
Building file: "../driverlib/MSP430FR2xx_4xx/eusci_a_uart.c"
Invoking: MSP430 Compiler
"C:/Software/ccs83/ccsv8/tools/compiler/ti-cgt-msp430_18.1.4.LTS/bin/cl430" -vmspx --use_hw_mpy=none --include_path="C:/Software/ccs83/ccsv8/ccs_base/msp430/include" --include_path="N:/ECE298/API_Examples/Example_Keypad" --include_path="N:/ECE298/API_Examples/Example_Keypad/driverlib/MSP430FR2xx_4xx" --include_path="C:/Software/ccs83/ccsv8/tools/compiler/ti-cgt-msp430_18.1.4.LTS/include" --advice:power="none" --advice:hw_config=all --define=__MSP430FR4133__ --define=DEPRECATED -g --printf_support=minimal --diag_warning=225 --diag_wrap=off --display_error_number --silicon_errata=CPU21 --silicon_errata=CPU22 --silicon_errata=CPU40 --preproc_with_compile --preproc_dependency="driverlib/MSP430FR2xx_4xx/eusci_a_uart.d_raw" --obj_directory="driverlib/MSP430FR2xx_4xx"  "../driverlib/MSP430FR2xx_4xx/eusci_a_uart.c"
Finished building: "../driverlib/MSP430FR2xx_4xx/eusci_a_uart.c"
 
Building file: "../driverlib/MSP430FR2xx_4xx/eusci_b_spi.c"
Invoking: MSP430 Compiler
"C:/Software/ccs83/ccsv8/tools/compiler/ti-cgt-msp430_18.1.4.LTS/bin/cl430" -vmspx --use_hw_mpy=none --include_path="C:/Software/ccs83/ccsv8/ccs_base/msp430/include" --include_path="N:/ECE298/API_Examples/Example_Keypad" --include_path="N:/ECE298/API_Examples/Example_Keypad/driverlib/MSP430FR2xx_4xx" --include_path="C:/Software/ccs83/ccsv8/tools/compiler/ti-cgt-msp430_18.1.4.LTS/include" --advice:power="none" --advice:hw_config=all --define=__MSP430FR4133__ --define=DEPRECATED -g --printf_support=minimal --diag_warning=225 --diag_wrap=off --display_error_number --silicon_errata=CPU21 --silicon_errata=CPU22 --silicon_errata=CPU40 --preproc_with_compile --preproc_dependency="driverlib/MSP430FR2xx_4xx/eusci_b_spi.d_raw" --obj_directory="driverlib/MSP430FR2xx_4xx"  "../driverlib/MSP430FR2xx_4xx/eusci_b_spi.c"
Finished building: "../driverlib/MSP430FR2xx_4xx/eusci_b_spi.c"
 
Building file: "../driverlib/MSP430FR2xx_4xx/framctl.c"
Invoking: MSP430 Compiler
"C:/Software/ccs83/ccsv8/tools/compiler/ti-cgt-msp430_18.1.4.LTS/bin/cl430" -vmspx --use_hw_mpy=none --include_path="C:/Software/ccs83/ccsv8/ccs_base/msp430/include" --include_path="N:/ECE298/API_Examples/Example_Keypad" --include_path="N:/ECE298/API_Examples/Example_Keypad/driverlib/MSP430FR2xx_4xx" --include_path="C:/Software/ccs83/ccsv8/tools/compiler/ti-cgt-msp430_18.1.4.LTS/include" --advice:power="none" --advice:hw_config=all --define=__MSP430FR4133__ --define=DEPRECATED -g --printf_support=minimal --diag_warning=225 --diag_wrap=off --display_error_number --silicon_errata=CPU21 --silicon_errata=CPU22 --silicon_errata=CPU40 --preproc_with_compile --preproc_dependency="driverlib/MSP430FR2xx_4xx/framctl.d_raw" --obj_directory="driverlib/MSP430FR2xx_4xx"  "../driverlib/MSP430FR2xx_4xx/framctl.c"
Finished building: "../driverlib/MSP430FR2xx_4xx/framctl.c"
 
Building file: "../driverlib/MSP430FR2xx_4xx/eusci_b_i2c.c"
Invoking: MSP430 Compiler
"C:/Software/ccs83/ccsv8/tools/compiler/ti-cgt-msp430_18.1.4.LTS/bin/cl430" -vmspx --use_hw_mpy=none --include_path="C:/Software/ccs83/ccsv8/ccs_base/msp430/include" --include_path="N:/ECE298/API_Examples/Example_Keypad" --include_path="N:/ECE298/API_Examples/Example_Keypad/driverlib/MSP430FR2xx_4xx" --include_path="C:/Software/ccs83/ccsv8/tools/compiler/ti-cgt-msp430_18.1.4.LTS/include" --advice:power="none" --advice:hw_config=all --define=__MSP430FR4133__ --define=DEPRECATED -g --printf_support=minimal --diag_warning=225 --diag_wrap=off --display_error_number --silicon_errata=CPU21 --silicon_errata=CPU22 --silicon_errata=CPU40 --preproc_with_compile --preproc_dependency="driverlib/MSP430FR2xx_4xx/eusci_b_i2c.d_raw" --obj_directory="driverlib/MSP430FR2xx_4xx"  "../driverlib/MSP430FR2xx_4xx/eusci_b_i2c.c"
Finished building: "../driverlib/MSP430FR2xx_4xx/eusci_b_i2c.c"
 
Building file: "../driverlib/MSP430FR2xx_4xx/icc.c"
Invoking: MSP430 Compiler
"C:/Software/ccs83/ccsv8/tools/compiler/ti-cgt-msp430_18.1.4.LTS/bin/cl430" -vmspx --use_hw_mpy=none --include_path="C:/Software/ccs83/ccsv8/ccs_base/msp430/include" --include_path="N:/ECE298/API_Examples/Example_Keypad" --include_path="N:/ECE298/API_Examples/Example_Keypad/driverlib/MSP430FR2xx_4xx" --include_path="C:/Software/ccs83/ccsv8/tools/compiler/ti-cgt-msp430_18.1.4.LTS/include" --advice:power="none" --advice:hw_config=all --define=__MSP430FR4133__ --define=DEPRECATED -g --printf_support=minimal --diag_warning=225 --diag_wrap=off --display_error_number --silicon_errata=CPU21 --silicon_errata=CPU22 --silicon_errata=CPU40 --preproc_with_compile --preproc_dependency="driverlib/MSP430FR2xx_4xx/icc.d_raw" --obj_directory="driverlib/MSP430FR2xx_4xx"  "../driverlib/MSP430FR2xx_4xx/icc.c"
Finished building: "../driverlib/MSP430FR2xx_4xx/icc.c"
 
Building file: "../driverlib/MSP430FR2xx_4xx/mpy32.c"
Invoking: MSP430 Compiler
"C:/Software/ccs83/ccsv8/tools/compiler/ti-cgt-msp430_18.1.4.LTS/bin/cl430" -vmspx --use_hw_mpy=none --include_path="C:/Software/ccs83/ccsv8/ccs_base/msp430/include" --include_path="N:/ECE298/API_Examples/Example_Keypad" --include_path="N:/ECE298/API_Examples/Example_Keypad/driverlib/MSP430FR2xx_4xx" --include_path="C:/Software/ccs83/ccsv8/tools/compiler/ti-cgt-msp430_18.1.4.LTS/include" --advice:power="none" --advice:hw_config=all --define=__MSP430FR4133__ --define=DEPRECATED -g --printf_support=minimal --diag_warning=225 --diag_wrap=off --display_error_number --silicon_errata=CPU21 --silicon_errata=CPU22 --silicon_errata=CPU40 --preproc_with_compile --preproc_dependency="driverlib/MSP430FR2xx_4xx/mpy32.d_raw" --obj_directory="driverlib/MSP430FR2xx_4xx"  "../driverlib/MSP430FR2xx_4xx/mpy32.c"
Finished building: "../driverlib/MSP430FR2xx_4xx/mpy32.c"
 
Building file: "../driverlib/MSP430FR2xx_4xx/gpio.c"
Invoking: MSP430 Compiler
"C:/Software/ccs83/ccsv8/tools/compiler/ti-cgt-msp430_18.1.4.LTS/bin/cl430" -vmspx --use_hw_mpy=none --include_path="C:/Software/ccs83/ccsv8/ccs_base/msp430/include" --include_path="N:/ECE298/API_Examples/Example_Keypad" --include_path="N:/ECE298/API_Examples/Example_Keypad/driverlib/MSP430FR2xx_4xx" --include_path="C:/Software/ccs83/ccsv8/tools/compiler/ti-cgt-msp430_18.1.4.LTS/include" --advice:power="none" --advice:hw_config=all --define=__MSP430FR4133__ --define=DEPRECATED -g --printf_support=minimal --diag_warning=225 --diag_wrap=off --display_error_number --silicon_errata=CPU21 --silicon_errata=CPU22 --silicon_errata=CPU40 --preproc_with_compile --preproc_dependency="driverlib/MSP430FR2xx_4xx/gpio.d_raw" --obj_directory="driverlib/MSP430FR2xx_4xx"  "../driverlib/MSP430FR2xx_4xx/gpio.c"
Finished building: "../driverlib/MSP430FR2xx_4xx/gpio.c"
 
Building file: "../driverlib/MSP430FR2xx_4xx/lcd_e.c"
Invoking: MSP430 Compiler
"C:/Software/ccs83/ccsv8/tools/compiler/ti-cgt-msp430_18.1.4.LTS/bin/cl430" -vmspx --use_hw_mpy=none --include_path="C:/Software/ccs83/ccsv8/ccs_base/msp430/include" --include_path="N:/ECE298/API_Examples/Example_Keypad" --include_path="N:/ECE298/API_Examples/Example_Keypad/driverlib/MSP430FR2xx_4xx" --include_path="C:/Software/ccs83/ccsv8/tools/compiler/ti-cgt-msp430_18.1.4.LTS/include" --advice:power="none" --advice:hw_config=all --define=__MSP430FR4133__ --define=DEPRECATED -g --printf_support=minimal --diag_warning=225 --diag_wrap=off --display_error_number --silicon_errata=CPU21 --silicon_errata=CPU22 --silicon_errata=CPU40 --preproc_with_compile --preproc_dependency="driverlib/MSP430FR2xx_4xx/lcd_e.d_raw" --obj_directory="driverlib/MSP430FR2xx_4xx"  "../driverlib/MSP430FR2xx_4xx/lcd_e.c"
Finished building: "../driverlib/MSP430FR2xx_4xx/lcd_e.c"
 
Building file: "../driverlib/MSP430FR2xx_4xx/pmm.c"
Invoking: MSP430 Compiler
"C:/Software/ccs83/ccsv8/tools/compiler/ti-cgt-msp430_18.1.4.LTS/bin/cl430" -vmspx --use_hw_mpy=none --include_path="C:/Software/ccs83/ccsv8/ccs_base/msp430/include" --include_path="N:/ECE298/API_Examples/Example_Keypad" --include_path="N:/ECE298/API_Examples/Example_Keypad/driverlib/MSP430FR2xx_4xx" --include_path="C:/Software/ccs83/ccsv8/tools/compiler/ti-cgt-msp430_18.1.4.LTS/include" --advice:power="none" --advice:hw_config=all --define=__MSP430FR4133__ --define=DEPRECATED -g --printf_support=minimal --diag_warning=225 --diag_wrap=off --display_error_number --silicon_errata=CPU21 --silicon_errata=CPU22 --silicon_errata=CPU40 --preproc_with_compile --preproc_dependency="driverlib/MSP430FR2xx_4xx/pmm.d_raw" --obj_directory="driverlib/MSP430FR2xx_4xx"  "../driverlib/MSP430FR2xx_4xx/pmm.c"
Finished building: "../driverlib/MSP430FR2xx_4xx/pmm.c"
 
Building file: "../driverlib/MSP430FR2xx_4xx/sac.c"
Invoking: MSP430 Compiler
"C:/Software/ccs83/ccsv8/tools/compiler/ti-cgt-msp430_18.1.4.LTS/bin/cl430" -vmspx --use_hw_mpy=none --include_path="C:/Software/ccs83/ccsv8/ccs_base/msp430/include" --include_path="N:/ECE298/API_Examples/Example_Keypad" --include_path="N:/ECE298/API_Examples/Example_Keypad/driverlib/MSP430FR2xx_4xx" --include_path="C:/Software/ccs83/ccsv8/tools/compiler/ti-cgt-msp430_18.1.4.LTS/include" --advice:power="none" --advice:hw_config=all --define=__MSP430FR4133__ --define=DEPRECATED -g --printf_support=minimal --diag_warning=225 --diag_wrap=off --display_error_number --silicon_errata=CPU21 --silicon_errata=CPU22 --silicon_errata=CPU40 --preproc_with_compile --preproc_dependency="driverlib/MSP430FR2xx_4xx/sac.d_raw" --obj_directory="driverlib/MSP430FR2xx_4xx"  "../driverlib/MSP430FR2xx_4xx/sac.c"
Finished building: "../driverlib/MSP430FR2xx_4xx/sac.c"
 
Building file: "../driverlib/MSP430FR2xx_4xx/rtc.c"
Invoking: MSP430 Compiler
"C:/Software/ccs83/ccsv8/tools/compiler/ti-cgt-msp430_18.1.4.LTS/bin/cl430" -vmspx --use_hw_mpy=none --include_path="C:/Software/ccs83/ccsv8/ccs_base/msp430/include" --include_path="N:/ECE298/API_Examples/Example_Keypad" --include_path="N:/ECE298/API_Examples/Example_Keypad/driverlib/MSP430FR2xx_4xx" --include_path="C:/Software/ccs83/ccsv8/tools/compiler/ti-cgt-msp430_18.1.4.LTS/include" --advice:power="none" --advice:hw_config=all --define=__MSP430FR4133__ --define=DEPRECATED -g --printf_support=minimal --diag_warning=225 --diag_wrap=off --display_error_number --silicon_errata=CPU21 --silicon_errata=CPU22 --silicon_errata=CPU40 --preproc_with_compile --preproc_dependency="driverlib/MSP430FR2xx_4xx/rtc.d_raw" --obj_directory="driverlib/MSP430FR2xx_4xx"  "../driverlib/MSP430FR2xx_4xx/rtc.c"
Finished building: "../driverlib/MSP430FR2xx_4xx/rtc.c"
 
Building file: "../driverlib/MSP430FR2xx_4xx/sfr.c"
Invoking: MSP430 Compiler
"C:/Software/ccs83/ccsv8/tools/compiler/ti-cgt-msp430_18.1.4.LTS/bin/cl430" -vmspx --use_hw_mpy=none --include_path="C:/Software/ccs83/ccsv8/ccs_base/msp430/include" --include_path="N:/ECE298/API_Examples/Example_Keypad" --include_path="N:/ECE298/API_Examples/Example_Keypad/driverlib/MSP430FR2xx_4xx" --include_path="C:/Software/ccs83/ccsv8/tools/compiler/ti-cgt-msp430_18.1.4.LTS/include" --advice:power="none" --advice:hw_config=all --define=__MSP430FR4133__ --define=DEPRECATED -g --printf_support=minimal --diag_warning=225 --diag_wrap=off --display_error_number --silicon_errata=CPU21 --silicon_errata=CPU22 --silicon_errata=CPU40 --preproc_with_compile --preproc_dependency="driverlib/MSP430FR2xx_4xx/sfr.d_raw" --obj_directory="driverlib/MSP430FR2xx_4xx"  "../driverlib/MSP430FR2xx_4xx/sfr.c"
Finished building: "../driverlib/MSP430FR2xx_4xx/sfr.c"
 
Building file: "../driverlib/MSP430FR2xx_4xx/sysctl.c"
Invoking: MSP430 Compiler
"C:/Software/ccs83/ccsv8/tools/compiler/ti-cgt-msp430_18.1.4.LTS/bin/cl430" -vmspx --use_hw_mpy=none --include_path="C:/Software/ccs83/ccsv8/ccs_base/msp430/include" --include_path="N:/ECE298/API_Examples/Example_Keypad" --include_path="N:/ECE298/API_Examples/Example_Keypad/driverlib/MSP430FR2xx_4xx" --include_path="C:/Software/ccs83/ccsv8/tools/compiler/ti-cgt-msp430_18.1.4.LTS/include" --advice:power="none" --advice:hw_config=all --define=__MSP430FR4133__ --define=DEPRECATED -g --printf_support=minimal --diag_warning=225 --diag_wrap=off --display_error_number --silicon_errata=CPU21 --silicon_errata=CPU22 --silicon_errata=CPU40 --preproc_with_compile --preproc_dependency="driverlib/MSP430FR2xx_4xx/sysctl.d_raw" --obj_directory="driverlib/MSP430FR2xx_4xx"  "../driverlib/MSP430FR2xx_4xx/sysctl.c"
Finished building: "../driverlib/MSP430FR2xx_4xx/sysctl.c"
 
Building file: "../driverlib/MSP430FR2xx_4xx/tia.c"
Invoking: MSP430 Compiler
"C:/Software/ccs83/ccsv8/tools/compiler/ti-cgt-msp430_18.1.4.LTS/bin/cl430" -vmspx --use_hw_mpy=none --include_path="C:/Software/ccs83/ccsv8/ccs_base/msp430/include" --include_path="N:/ECE298/API_Examples/Example_Keypad" --include_path="N:/ECE298/API_Examples/Example_Keypad/driverlib/MSP430FR2xx_4xx" --include_path="C:/Software/ccs83/ccsv8/tools/compiler/ti-cgt-msp430_18.1.4.LTS/include" --advice:power="none" --advice:hw_config=all --define=__MSP430FR4133__ --define=DEPRECATED -g --printf_support=minimal --diag_warning=225 --diag_wrap=off --display_error_number --silicon_errata=CPU21 --silicon_errata=CPU22 --silicon_errata=CPU40 --preproc_with_compile --preproc_dependency="driverlib/MSP430FR2xx_4xx/tia.d_raw" --obj_directory="driverlib/MSP430FR2xx_4xx"  "../driverlib/MSP430FR2xx_4xx/tia.c"
Finished building: "../driverlib/MSP430FR2xx_4xx/tia.c"
 
Building file: "../driverlib/MSP430FR2xx_4xx/timer_b.c"
Invoking: MSP430 Compiler
"C:/Software/ccs83/ccsv8/tools/compiler/ti-cgt-msp430_18.1.4.LTS/bin/cl430" -vmspx --use_hw_mpy=none --include_path="C:/Software/ccs83/ccsv8/ccs_base/msp430/include" --include_path="N:/ECE298/API_Examples/Example_Keypad" --include_path="N:/ECE298/API_Examples/Example_Keypad/driverlib/MSP430FR2xx_4xx" --include_path="C:/Software/ccs83/ccsv8/tools/compiler/ti-cgt-msp430_18.1.4.LTS/include" --advice:power="none" --advice:hw_config=all --define=__MSP430FR4133__ --define=DEPRECATED -g --printf_support=minimal --diag_warning=225 --diag_wrap=off --display_error_number --silicon_errata=CPU21 --silicon_errata=CPU22 --silicon_errata=CPU40 --preproc_with_compile --preproc_dependency="driverlib/MSP430FR2xx_4xx/timer_b.d_raw" --obj_directory="driverlib/MSP430FR2xx_4xx"  "../driverlib/MSP430FR2xx_4xx/timer_b.c"
Finished building: "../driverlib/MSP430FR2xx_4xx/timer_b.c"
 
Building file: "../driverlib/MSP430FR2xx_4xx/timer_a.c"
Invoking: MSP430 Compiler
"C:/Software/ccs83/ccsv8/tools/compiler/ti-cgt-msp430_18.1.4.LTS/bin/cl430" -vmspx --use_hw_mpy=none --include_path="C:/Software/ccs83/ccsv8/ccs_base/msp430/include" --include_path="N:/ECE298/API_Examples/Example_Keypad" --include_path="N:/ECE298/API_Examples/Example_Keypad/driverlib/MSP430FR2xx_4xx" --include_path="C:/Software/ccs83/ccsv8/tools/compiler/ti-cgt-msp430_18.1.4.LTS/include" --advice:power="none" --advice:hw_config=all --define=__MSP430FR4133__ --define=DEPRECATED -g --printf_support=minimal --diag_warning=225 --diag_wrap=off --display_error_number --silicon_errata=CPU21 --silicon_errata=CPU22 --silicon_errata=CPU40 --preproc_with_compile --preproc_dependency="driverlib/MSP430FR2xx_4xx/timer_a.d_raw" --obj_directory="driverlib/MSP430FR2xx_4xx"  "../driverlib/MSP430FR2xx_4xx/timer_a.c"
Finished building: "../driverlib/MSP430FR2xx_4xx/timer_a.c"
 
Building file: "../driverlib/MSP430FR2xx_4xx/wdt_a.c"
Invoking: MSP430 Compiler
"C:/Software/ccs83/ccsv8/tools/compiler/ti-cgt-msp430_18.1.4.LTS/bin/cl430" -vmspx --use_hw_mpy=none --include_path="C:/Software/ccs83/ccsv8/ccs_base/msp430/include" --include_path="N:/ECE298/API_Examples/Example_Keypad" --include_path="N:/ECE298/API_Examples/Example_Keypad/driverlib/MSP430FR2xx_4xx" --include_path="C:/Software/ccs83/ccsv8/tools/compiler/ti-cgt-msp430_18.1.4.LTS/include" --advice:power="none" --advice:hw_config=all --define=__MSP430FR4133__ --define=DEPRECATED -g --printf_support=minimal --diag_warning=225 --diag_wrap=off --display_error_number --silicon_errata=CPU21 --silicon_errata=CPU22 --silicon_errata=CPU40 --preproc_with_compile --preproc_dependency="driverlib/MSP430FR2xx_4xx/wdt_a.d_raw" --obj_directory="driverlib/MSP430FR2xx_4xx"  "../driverlib/MSP430FR2xx_4xx/wdt_a.c"
Finished building: "../driverlib/MSP430FR2xx_4xx/wdt_a.c"
 
Building file: "../driverlib/MSP430FR2xx_4xx/tlv.c"
Invoking: MSP430 Compiler
"C:/Software/ccs83/ccsv8/tools/compiler/ti-cgt-msp430_18.1.4.LTS/bin/cl430" -vmspx --use_hw_mpy=none --include_path="C:/Software/ccs83/ccsv8/ccs_base/msp430/include" --include_path="N:/ECE298/API_Examples/Example_Keypad" --include_path="N:/ECE298/API_Examples/Example_Keypad/driverlib/MSP430FR2xx_4xx" --include_path="C:/Software/ccs83/ccsv8/tools/compiler/ti-cgt-msp430_18.1.4.LTS/include" --advice:power="none" --advice:hw_config=all --define=__MSP430FR4133__ --define=DEPRECATED -g --printf_support=minimal --diag_warning=225 --diag_wrap=off --display_error_number --silicon_errata=CPU21 --silicon_errata=CPU22 --silicon_errata=CPU40 --preproc_with_compile --preproc_dependency="driverlib/MSP430FR2xx_4xx/tlv.d_raw" --obj_directory="driverlib/MSP430FR2xx_4xx"  "../driverlib/MSP430FR2xx_4xx/tlv.c"
Finished building: "../driverlib/MSP430FR2xx_4xx/tlv.c"
 
Building target: "Example_Keypad.out"
Invoking: MSP430 Linker
"C:/Software/ccs83/ccsv8/tools/compiler/ti-cgt-msp430_18.1.4.LTS/bin/cl430" -vmspx --use_hw_mpy=none --advice:power="none" --advice:hw_config=all --define=__MSP430FR4133__ --define=DEPRECATED -g --printf_support=minimal --diag_warning=225 --diag_wrap=off --display_error_number --silicon_errata=CPU21 --silicon_errata=CPU22 --silicon_errata=CPU40 -z -m"Example_Keypad.map" --heap_size=160 --stack_size=160 --cinit_hold_wdt=on -i"C:/Software/ccs83/ccsv8/ccs_base/msp430/include" -i"C:/Software/ccs83/ccsv8/tools/compiler/ti-cgt-msp430_18.1.4.LTS/lib" -i"C:/Software/ccs83/ccsv8/tools/compiler/ti-cgt-msp430_18.1.4.LTS/include" --reread_libs --diag_wrap=off --display_error_number --warn_sections --xml_link_info="Example_Keypad_linkInfo.xml" --use_hw_mpy=none --rom_model -o "Example_Keypad.out" "./keypadButton.obj" "./driverlib/MSP430FR2xx_4xx/adc.obj" "./driverlib/MSP430FR2xx_4xx/crc.obj" "./driverlib/MSP430FR2xx_4xx/cs.obj" "./driverlib/MSP430FR2xx_4xx/ecomp.obj" "./driverlib/MSP430FR2xx_4xx/eusci_a_spi.obj" "./driverlib/MSP430FR2xx_4xx/eusci_a_uart.obj" "./driverlib/MSP430FR2xx_4xx/eusci_b_i2c.obj" "./driverlib/MSP430FR2xx_4xx/eusci_b_spi.obj" "./driverlib/MSP430FR2xx_4xx/framctl.obj" "./driverlib/MSP430FR2xx_4xx/gpio.obj" "./driverlib/MSP430FR2xx_4xx/icc.obj" "./driverlib/MSP430FR2xx_4xx/lcd_e.obj" "./driverlib/MSP430FR2xx_4xx/mpy32.obj" "./driverlib/MSP430FR2xx_4xx/pmm.obj" "./driverlib/MSP430FR2xx_4xx/rtc.obj" "./driverlib/MSP430FR2xx_4xx/sac.obj" "./driverlib/MSP430FR2xx_4xx/sfr.obj" "./driverlib/MSP430FR2xx_4xx/sysctl.obj" "./driverlib/MSP430FR2xx_4xx/tia.obj" "./driverlib/MSP430FR2xx_4xx/timer_a.obj" "./driverlib/MSP430FR2xx_4xx/timer_b.obj" "./driverlib/MSP430FR2xx_4xx/tlv.obj" "./driverlib/MSP430FR2xx_4xx/wdt_a.obj" "../lnk_msp430fr4133.cmd"  -llibc.a 
<Linking>
Finished building target: "Example_Keypad.out"
 

**** Build Finished ****

**** Build of configuration Debug for project Example_Keypad ****

"C:\\Software\\ccs83\\ccsv8\\utils\\bin\\gmake" -k -j 4 all -O 
 
gmake[1]: 'Example_Keypad.out' is up to date.

**** Build Finished ****

**** Build of configuration Debug for project Example_Keypad ****

"C:\\Software\\ccs83\\ccsv8\\utils\\bin\\gmake" -k -j 4 all -O 
 
gmake[1]: 'Example_Keypad.out' is up to date.

**** Build Finished ****

**** Build of configuration Release for project Example_Keypad ****

"C:\\Software\\ccs83\\ccsv8\\utils\\bin\\gmake" -k -j 4 all -O 
 
Building file: "../driverlib/MSP430FR2xx_4xx/crc.c"
Invoking: MSP430 Compiler
"C:/Software/ccs83/ccsv8/tools/compiler/ti-cgt-msp430_18.1.4.LTS/bin/cl430" -vmspx -O2 --use_hw_mpy=none --include_path="C:/Software/ccs83/ccsv8/ccs_base/msp430/include" --include_path="N:/ECE298/API_Examples/Example_Keypad" --include_path="N:/ECE298/API_Examples/Example_Keypad/driverlib/MSP430FR2xx_4xx" --include_path="C:/Software/ccs83/ccsv8/tools/compiler/ti-cgt-msp430_18.1.4.LTS/include" --advice:power="none" --advice:hw_config=all --define=__MSP430FR4133__ --define=DEPRECATED --printf_support=minimal --diag_warning=225 --diag_wrap=off --display_error_number --silicon_errata=CPU21 --silicon_errata=CPU22 --silicon_errata=CPU40 --preproc_with_compile --preproc_dependency="driverlib/MSP430FR2xx_4xx/crc.d_raw" --obj_directory="driverlib/MSP430FR2xx_4xx"  "../driverlib/MSP430FR2xx_4xx/crc.c"
Finished building: "../driverlib/MSP430FR2xx_4xx/crc.c"
 
Building file: "../keypadButton.c"
Invoking: MSP430 Compiler
"C:/Software/ccs83/ccsv8/tools/compiler/ti-cgt-msp430_18.1.4.LTS/bin/cl430" -vmspx -O2 --use_hw_mpy=none --include_path="C:/Software/ccs83/ccsv8/ccs_base/msp430/include" --include_path="N:/ECE298/API_Examples/Example_Keypad" --include_path="N:/ECE298/API_Examples/Example_Keypad/driverlib/MSP430FR2xx_4xx" --include_path="C:/Software/ccs83/ccsv8/tools/compiler/ti-cgt-msp430_18.1.4.LTS/include" --advice:power="none" --advice:hw_config=all --define=__MSP430FR4133__ --define=DEPRECATED --printf_support=minimal --diag_warning=225 --diag_wrap=off --display_error_number --silicon_errata=CPU21 --silicon_errata=CPU22 --silicon_errata=CPU40 --preproc_with_compile --preproc_dependency="keypadButton.d_raw"  "../keypadButton.c"
"../keypadButton.c", line 67: warning #225-D: function "printf" declared implicitly
Finished building: "../keypadButton.c"
 
Building file: "../driverlib/MSP430FR2xx_4xx/adc.c"
Invoking: MSP430 Compiler
"C:/Software/ccs83/ccsv8/tools/compiler/ti-cgt-msp430_18.1.4.LTS/bin/cl430" -vmspx -O2 --use_hw_mpy=none --include_path="C:/Software/ccs83/ccsv8/ccs_base/msp430/include" --include_path="N:/ECE298/API_Examples/Example_Keypad" --include_path="N:/ECE298/API_Examples/Example_Keypad/driverlib/MSP430FR2xx_4xx" --include_path="C:/Software/ccs83/ccsv8/tools/compiler/ti-cgt-msp430_18.1.4.LTS/include" --advice:power="none" --advice:hw_config=all --define=__MSP430FR4133__ --define=DEPRECATED --printf_support=minimal --diag_warning=225 --diag_wrap=off --display_error_number --silicon_errata=CPU21 --silicon_errata=CPU22 --silicon_errata=CPU40 --preproc_with_compile --preproc_dependency="driverlib/MSP430FR2xx_4xx/adc.d_raw" --obj_directory="driverlib/MSP430FR2xx_4xx"  "../driverlib/MSP430FR2xx_4xx/adc.c"
Finished building: "../driverlib/MSP430FR2xx_4xx/adc.c"
 
Building file: "../driverlib/MSP430FR2xx_4xx/ecomp.c"
Invoking: MSP430 Compiler
"C:/Software/ccs83/ccsv8/tools/compiler/ti-cgt-msp430_18.1.4.LTS/bin/cl430" -vmspx -O2 --use_hw_mpy=none --include_path="C:/Software/ccs83/ccsv8/ccs_base/msp430/include" --include_path="N:/ECE298/API_Examples/Example_Keypad" --include_path="N:/ECE298/API_Examples/Example_Keypad/driverlib/MSP430FR2xx_4xx" --include_path="C:/Software/ccs83/ccsv8/tools/compiler/ti-cgt-msp430_18.1.4.LTS/include" --advice:power="none" --advice:hw_config=all --define=__MSP430FR4133__ --define=DEPRECATED --printf_support=minimal --diag_warning=225 --diag_wrap=off --display_error_number --silicon_errata=CPU21 --silicon_errata=CPU22 --silicon_errata=CPU40 --preproc_with_compile --preproc_dependency="driverlib/MSP430FR2xx_4xx/ecomp.d_raw" --obj_directory="driverlib/MSP430FR2xx_4xx"  "../driverlib/MSP430FR2xx_4xx/ecomp.c"
Finished building: "../driverlib/MSP430FR2xx_4xx/ecomp.c"
 
Building file: "../driverlib/MSP430FR2xx_4xx/cs.c"
Invoking: MSP430 Compiler
"C:/Software/ccs83/ccsv8/tools/compiler/ti-cgt-msp430_18.1.4.LTS/bin/cl430" -vmspx -O2 --use_hw_mpy=none --include_path="C:/Software/ccs83/ccsv8/ccs_base/msp430/include" --include_path="N:/ECE298/API_Examples/Example_Keypad" --include_path="N:/ECE298/API_Examples/Example_Keypad/driverlib/MSP430FR2xx_4xx" --include_path="C:/Software/ccs83/ccsv8/tools/compiler/ti-cgt-msp430_18.1.4.LTS/include" --advice:power="none" --advice:hw_config=all --define=__MSP430FR4133__ --define=DEPRECATED --printf_support=minimal --diag_warning=225 --diag_wrap=off --display_error_number --silicon_errata=CPU21 --silicon_errata=CPU22 --silicon_errata=CPU40 --preproc_with_compile --preproc_dependency="driverlib/MSP430FR2xx_4xx/cs.d_raw" --obj_directory="driverlib/MSP430FR2xx_4xx"  "../driverlib/MSP430FR2xx_4xx/cs.c"
Finished building: "../driverlib/MSP430FR2xx_4xx/cs.c"
 
Building file: "../driverlib/MSP430FR2xx_4xx/eusci_a_uart.c"
Invoking: MSP430 Compiler
"C:/Software/ccs83/ccsv8/tools/compiler/ti-cgt-msp430_18.1.4.LTS/bin/cl430" -vmspx -O2 --use_hw_mpy=none --include_path="C:/Software/ccs83/ccsv8/ccs_base/msp430/include" --include_path="N:/ECE298/API_Examples/Example_Keypad" --include_path="N:/ECE298/API_Examples/Example_Keypad/driverlib/MSP430FR2xx_4xx" --include_path="C:/Software/ccs83/ccsv8/tools/compiler/ti-cgt-msp430_18.1.4.LTS/include" --advice:power="none" --advice:hw_config=all --define=__MSP430FR4133__ --define=DEPRECATED --printf_support=minimal --diag_warning=225 --diag_wrap=off --display_error_number --silicon_errata=CPU21 --silicon_errata=CPU22 --silicon_errata=CPU40 --preproc_with_compile --preproc_dependency="driverlib/MSP430FR2xx_4xx/eusci_a_uart.d_raw" --obj_directory="driverlib/MSP430FR2xx_4xx"  "../driverlib/MSP430FR2xx_4xx/eusci_a_uart.c"
Finished building: "../driverlib/MSP430FR2xx_4xx/eusci_a_uart.c"
 
Building file: "../driverlib/MSP430FR2xx_4xx/eusci_a_spi.c"
Invoking: MSP430 Compiler
"C:/Software/ccs83/ccsv8/tools/compiler/ti-cgt-msp430_18.1.4.LTS/bin/cl430" -vmspx -O2 --use_hw_mpy=none --include_path="C:/Software/ccs83/ccsv8/ccs_base/msp430/include" --include_path="N:/ECE298/API_Examples/Example_Keypad" --include_path="N:/ECE298/API_Examples/Example_Keypad/driverlib/MSP430FR2xx_4xx" --include_path="C:/Software/ccs83/ccsv8/tools/compiler/ti-cgt-msp430_18.1.4.LTS/include" --advice:power="none" --advice:hw_config=all --define=__MSP430FR4133__ --define=DEPRECATED --printf_support=minimal --diag_warning=225 --diag_wrap=off --display_error_number --silicon_errata=CPU21 --silicon_errata=CPU22 --silicon_errata=CPU40 --preproc_with_compile --preproc_dependency="driverlib/MSP430FR2xx_4xx/eusci_a_spi.d_raw" --obj_directory="driverlib/MSP430FR2xx_4xx"  "../driverlib/MSP430FR2xx_4xx/eusci_a_spi.c"
Finished building: "../driverlib/MSP430FR2xx_4xx/eusci_a_spi.c"
 
Building file: "../driverlib/MSP430FR2xx_4xx/eusci_b_spi.c"
Invoking: MSP430 Compiler
"C:/Software/ccs83/ccsv8/tools/compiler/ti-cgt-msp430_18.1.4.LTS/bin/cl430" -vmspx -O2 --use_hw_mpy=none --include_path="C:/Software/ccs83/ccsv8/ccs_base/msp430/include" --include_path="N:/ECE298/API_Examples/Example_Keypad" --include_path="N:/ECE298/API_Examples/Example_Keypad/driverlib/MSP430FR2xx_4xx" --include_path="C:/Software/ccs83/ccsv8/tools/compiler/ti-cgt-msp430_18.1.4.LTS/include" --advice:power="none" --advice:hw_config=all --define=__MSP430FR4133__ --define=DEPRECATED --printf_support=minimal --diag_warning=225 --diag_wrap=off --display_error_number --silicon_errata=CPU21 --silicon_errata=CPU22 --silicon_errata=CPU40 --preproc_with_compile --preproc_dependency="driverlib/MSP430FR2xx_4xx/eusci_b_spi.d_raw" --obj_directory="driverlib/MSP430FR2xx_4xx"  "../driverlib/MSP430FR2xx_4xx/eusci_b_spi.c"
Finished building: "../driverlib/MSP430FR2xx_4xx/eusci_b_spi.c"
 
Building file: "../driverlib/MSP430FR2xx_4xx/framctl.c"
Invoking: MSP430 Compiler
"C:/Software/ccs83/ccsv8/tools/compiler/ti-cgt-msp430_18.1.4.LTS/bin/cl430" -vmspx -O2 --use_hw_mpy=none --include_path="C:/Software/ccs83/ccsv8/ccs_base/msp430/include" --include_path="N:/ECE298/API_Examples/Example_Keypad" --include_path="N:/ECE298/API_Examples/Example_Keypad/driverlib/MSP430FR2xx_4xx" --include_path="C:/Software/ccs83/ccsv8/tools/compiler/ti-cgt-msp430_18.1.4.LTS/include" --advice:power="none" --advice:hw_config=all --define=__MSP430FR4133__ --define=DEPRECATED --printf_support=minimal --diag_warning=225 --diag_wrap=off --display_error_number --silicon_errata=CPU21 --silicon_errata=CPU22 --silicon_errata=CPU40 --preproc_with_compile --preproc_dependency="driverlib/MSP430FR2xx_4xx/framctl.d_raw" --obj_directory="driverlib/MSP430FR2xx_4xx"  "../driverlib/MSP430FR2xx_4xx/framctl.c"
Finished building: "../driverlib/MSP430FR2xx_4xx/framctl.c"
 
Building file: "../driverlib/MSP430FR2xx_4xx/eusci_b_i2c.c"
Invoking: MSP430 Compiler
"C:/Software/ccs83/ccsv8/tools/compiler/ti-cgt-msp430_18.1.4.LTS/bin/cl430" -vmspx -O2 --use_hw_mpy=none --include_path="C:/Software/ccs83/ccsv8/ccs_base/msp430/include" --include_path="N:/ECE298/API_Examples/Example_Keypad" --include_path="N:/ECE298/API_Examples/Example_Keypad/driverlib/MSP430FR2xx_4xx" --include_path="C:/Software/ccs83/ccsv8/tools/compiler/ti-cgt-msp430_18.1.4.LTS/include" --advice:power="none" --advice:hw_config=all --define=__MSP430FR4133__ --define=DEPRECATED --printf_support=minimal --diag_warning=225 --diag_wrap=off --display_error_number --silicon_errata=CPU21 --silicon_errata=CPU22 --silicon_errata=CPU40 --preproc_with_compile --preproc_dependency="driverlib/MSP430FR2xx_4xx/eusci_b_i2c.d_raw" --obj_directory="driverlib/MSP430FR2xx_4xx"  "../driverlib/MSP430FR2xx_4xx/eusci_b_i2c.c"
Finished building: "../driverlib/MSP430FR2xx_4xx/eusci_b_i2c.c"
 
Building file: "../driverlib/MSP430FR2xx_4xx/gpio.c"
Invoking: MSP430 Compiler
"C:/Software/ccs83/ccsv8/tools/compiler/ti-cgt-msp430_18.1.4.LTS/bin/cl430" -vmspx -O2 --use_hw_mpy=none --include_path="C:/Software/ccs83/ccsv8/ccs_base/msp430/include" --include_path="N:/ECE298/API_Examples/Example_Keypad" --include_path="N:/ECE298/API_Examples/Example_Keypad/driverlib/MSP430FR2xx_4xx" --include_path="C:/Software/ccs83/ccsv8/tools/compiler/ti-cgt-msp430_18.1.4.LTS/include" --advice:power="none" --advice:hw_config=all --define=__MSP430FR4133__ --define=DEPRECATED --printf_support=minimal --diag_warning=225 --diag_wrap=off --display_error_number --silicon_errata=CPU21 --silicon_errata=CPU22 --silicon_errata=CPU40 --preproc_with_compile --preproc_dependency="driverlib/MSP430FR2xx_4xx/gpio.d_raw" --obj_directory="driverlib/MSP430FR2xx_4xx"  "../driverlib/MSP430FR2xx_4xx/gpio.c"
Finished building: "../driverlib/MSP430FR2xx_4xx/gpio.c"
 
Building file: "../driverlib/MSP430FR2xx_4xx/icc.c"
Invoking: MSP430 Compiler
"C:/Software/ccs83/ccsv8/tools/compiler/ti-cgt-msp430_18.1.4.LTS/bin/cl430" -vmspx -O2 --use_hw_mpy=none --include_path="C:/Software/ccs83/ccsv8/ccs_base/msp430/include" --include_path="N:/ECE298/API_Examples/Example_Keypad" --include_path="N:/ECE298/API_Examples/Example_Keypad/driverlib/MSP430FR2xx_4xx" --include_path="C:/Software/ccs83/ccsv8/tools/compiler/ti-cgt-msp430_18.1.4.LTS/include" --advice:power="none" --advice:hw_config=all --define=__MSP430FR4133__ --define=DEPRECATED --printf_support=minimal --diag_warning=225 --diag_wrap=off --display_error_number --silicon_errata=CPU21 --silicon_errata=CPU22 --silicon_errata=CPU40 --preproc_with_compile --preproc_dependency="driverlib/MSP430FR2xx_4xx/icc.d_raw" --obj_directory="driverlib/MSP430FR2xx_4xx"  "../driverlib/MSP430FR2xx_4xx/icc.c"
Finished building: "../driverlib/MSP430FR2xx_4xx/icc.c"
 
Building file: "../driverlib/MSP430FR2xx_4xx/mpy32.c"
Invoking: MSP430 Compiler
"C:/Software/ccs83/ccsv8/tools/compiler/ti-cgt-msp430_18.1.4.LTS/bin/cl430" -vmspx -O2 --use_hw_mpy=none --include_path="C:/Software/ccs83/ccsv8/ccs_base/msp430/include" --include_path="N:/ECE298/API_Examples/Example_Keypad" --include_path="N:/ECE298/API_Examples/Example_Keypad/driverlib/MSP430FR2xx_4xx" --include_path="C:/Software/ccs83/ccsv8/tools/compiler/ti-cgt-msp430_18.1.4.LTS/include" --advice:power="none" --advice:hw_config=all --define=__MSP430FR4133__ --define=DEPRECATED --printf_support=minimal --diag_warning=225 --diag_wrap=off --display_error_number --silicon_errata=CPU21 --silicon_errata=CPU22 --silicon_errata=CPU40 --preproc_with_compile --preproc_dependency="driverlib/MSP430FR2xx_4xx/mpy32.d_raw" --obj_directory="driverlib/MSP430FR2xx_4xx"  "../driverlib/MSP430FR2xx_4xx/mpy32.c"
Finished building: "../driverlib/MSP430FR2xx_4xx/mpy32.c"
 
Building file: "../driverlib/MSP430FR2xx_4xx/pmm.c"
Invoking: MSP430 Compiler
"C:/Software/ccs83/ccsv8/tools/compiler/ti-cgt-msp430_18.1.4.LTS/bin/cl430" -vmspx -O2 --use_hw_mpy=none --include_path="C:/Software/ccs83/ccsv8/ccs_base/msp430/include" --include_path="N:/ECE298/API_Examples/Example_Keypad" --include_path="N:/ECE298/API_Examples/Example_Keypad/driverlib/MSP430FR2xx_4xx" --include_path="C:/Software/ccs83/ccsv8/tools/compiler/ti-cgt-msp430_18.1.4.LTS/include" --advice:power="none" --advice:hw_config=all --define=__MSP430FR4133__ --define=DEPRECATED --printf_support=minimal --diag_warning=225 --diag_wrap=off --display_error_number --silicon_errata=CPU21 --silicon_errata=CPU22 --silicon_errata=CPU40 --preproc_with_compile --preproc_dependency="driverlib/MSP430FR2xx_4xx/pmm.d_raw" --obj_directory="driverlib/MSP430FR2xx_4xx"  "../driverlib/MSP430FR2xx_4xx/pmm.c"
Finished building: "../driverlib/MSP430FR2xx_4xx/pmm.c"
 
Building file: "../driverlib/MSP430FR2xx_4xx/rtc.c"
Invoking: MSP430 Compiler
"C:/Software/ccs83/ccsv8/tools/compiler/ti-cgt-msp430_18.1.4.LTS/bin/cl430" -vmspx -O2 --use_hw_mpy=none --include_path="C:/Software/ccs83/ccsv8/ccs_base/msp430/include" --include_path="N:/ECE298/API_Examples/Example_Keypad" --include_path="N:/ECE298/API_Examples/Example_Keypad/driverlib/MSP430FR2xx_4xx" --include_path="C:/Software/ccs83/ccsv8/tools/compiler/ti-cgt-msp430_18.1.4.LTS/include" --advice:power="none" --advice:hw_config=all --define=__MSP430FR4133__ --define=DEPRECATED --printf_support=minimal --diag_warning=225 --diag_wrap=off --display_error_number --silicon_errata=CPU21 --silicon_errata=CPU22 --silicon_errata=CPU40 --preproc_with_compile --preproc_dependency="driverlib/MSP430FR2xx_4xx/rtc.d_raw" --obj_directory="driverlib/MSP430FR2xx_4xx"  "../driverlib/MSP430FR2xx_4xx/rtc.c"
Finished building: "../driverlib/MSP430FR2xx_4xx/rtc.c"
 
Building file: "../driverlib/MSP430FR2xx_4xx/lcd_e.c"
Invoking: MSP430 Compiler
"C:/Software/ccs83/ccsv8/tools/compiler/ti-cgt-msp430_18.1.4.LTS/bin/cl430" -vmspx -O2 --use_hw_mpy=none --include_path="C:/Software/ccs83/ccsv8/ccs_base/msp430/include" --include_path="N:/ECE298/API_Examples/Example_Keypad" --include_path="N:/ECE298/API_Examples/Example_Keypad/driverlib/MSP430FR2xx_4xx" --include_path="C:/Software/ccs83/ccsv8/tools/compiler/ti-cgt-msp430_18.1.4.LTS/include" --advice:power="none" --advice:hw_config=all --define=__MSP430FR4133__ --define=DEPRECATED --printf_support=minimal --diag_warning=225 --diag_wrap=off --display_error_number --silicon_errata=CPU21 --silicon_errata=CPU22 --silicon_errata=CPU40 --preproc_with_compile --preproc_dependency="driverlib/MSP430FR2xx_4xx/lcd_e.d_raw" --obj_directory="driverlib/MSP430FR2xx_4xx"  "../driverlib/MSP430FR2xx_4xx/lcd_e.c"
Finished building: "../driverlib/MSP430FR2xx_4xx/lcd_e.c"
 
Building file: "../driverlib/MSP430FR2xx_4xx/sfr.c"
Invoking: MSP430 Compiler
"C:/Software/ccs83/ccsv8/tools/compiler/ti-cgt-msp430_18.1.4.LTS/bin/cl430" -vmspx -O2 --use_hw_mpy=none --include_path="C:/Software/ccs83/ccsv8/ccs_base/msp430/include" --include_path="N:/ECE298/API_Examples/Example_Keypad" --include_path="N:/ECE298/API_Examples/Example_Keypad/driverlib/MSP430FR2xx_4xx" --include_path="C:/Software/ccs83/ccsv8/tools/compiler/ti-cgt-msp430_18.1.4.LTS/include" --advice:power="none" --advice:hw_config=all --define=__MSP430FR4133__ --define=DEPRECATED --printf_support=minimal --diag_warning=225 --diag_wrap=off --display_error_number --silicon_errata=CPU21 --silicon_errata=CPU22 --silicon_errata=CPU40 --preproc_with_compile --preproc_dependency="driverlib/MSP430FR2xx_4xx/sfr.d_raw" --obj_directory="driverlib/MSP430FR2xx_4xx"  "../driverlib/MSP430FR2xx_4xx/sfr.c"
Finished building: "../driverlib/MSP430FR2xx_4xx/sfr.c"
 
Building file: "../driverlib/MSP430FR2xx_4xx/sac.c"
Invoking: MSP430 Compiler
"C:/Software/ccs83/ccsv8/tools/compiler/ti-cgt-msp430_18.1.4.LTS/bin/cl430" -vmspx -O2 --use_hw_mpy=none --include_path="C:/Software/ccs83/ccsv8/ccs_base/msp430/include" --include_path="N:/ECE298/API_Examples/Example_Keypad" --include_path="N:/ECE298/API_Examples/Example_Keypad/driverlib/MSP430FR2xx_4xx" --include_path="C:/Software/ccs83/ccsv8/tools/compiler/ti-cgt-msp430_18.1.4.LTS/include" --advice:power="none" --advice:hw_config=all --define=__MSP430FR4133__ --define=DEPRECATED --printf_support=minimal --diag_warning=225 --diag_wrap=off --display_error_number --silicon_errata=CPU21 --silicon_errata=CPU22 --silicon_errata=CPU40 --preproc_with_compile --preproc_dependency="driverlib/MSP430FR2xx_4xx/sac.d_raw" --obj_directory="driverlib/MSP430FR2xx_4xx"  "../driverlib/MSP430FR2xx_4xx/sac.c"
Finished building: "../driverlib/MSP430FR2xx_4xx/sac.c"
 
Building file: "../driverlib/MSP430FR2xx_4xx/tia.c"
Invoking: MSP430 Compiler
"C:/Software/ccs83/ccsv8/tools/compiler/ti-cgt-msp430_18.1.4.LTS/bin/cl430" -vmspx -O2 --use_hw_mpy=none --include_path="C:/Software/ccs83/ccsv8/ccs_base/msp430/include" --include_path="N:/ECE298/API_Examples/Example_Keypad" --include_path="N:/ECE298/API_Examples/Example_Keypad/driverlib/MSP430FR2xx_4xx" --include_path="C:/Software/ccs83/ccsv8/tools/compiler/ti-cgt-msp430_18.1.4.LTS/include" --advice:power="none" --advice:hw_config=all --define=__MSP430FR4133__ --define=DEPRECATED --printf_support=minimal --diag_warning=225 --diag_wrap=off --display_error_number --silicon_errata=CPU21 --silicon_errata=CPU22 --silicon_errata=CPU40 --preproc_with_compile --preproc_dependency="driverlib/MSP430FR2xx_4xx/tia.d_raw" --obj_directory="driverlib/MSP430FR2xx_4xx"  "../driverlib/MSP430FR2xx_4xx/tia.c"
Finished building: "../driverlib/MSP430FR2xx_4xx/tia.c"
 
Building file: "../driverlib/MSP430FR2xx_4xx/sysctl.c"
Invoking: MSP430 Compiler
"C:/Software/ccs83/ccsv8/tools/compiler/ti-cgt-msp430_18.1.4.LTS/bin/cl430" -vmspx -O2 --use_hw_mpy=none --include_path="C:/Software/ccs83/ccsv8/ccs_base/msp430/include" --include_path="N:/ECE298/API_Examples/Example_Keypad" --include_path="N:/ECE298/API_Examples/Example_Keypad/driverlib/MSP430FR2xx_4xx" --include_path="C:/Software/ccs83/ccsv8/tools/compiler/ti-cgt-msp430_18.1.4.LTS/include" --advice:power="none" --advice:hw_config=all --define=__MSP430FR4133__ --define=DEPRECATED --printf_support=minimal --diag_warning=225 --diag_wrap=off --display_error_number --silicon_errata=CPU21 --silicon_errata=CPU22 --silicon_errata=CPU40 --preproc_with_compile --preproc_dependency="driverlib/MSP430FR2xx_4xx/sysctl.d_raw" --obj_directory="driverlib/MSP430FR2xx_4xx"  "../driverlib/MSP430FR2xx_4xx/sysctl.c"
Finished building: "../driverlib/MSP430FR2xx_4xx/sysctl.c"
 
Building file: "../driverlib/MSP430FR2xx_4xx/timer_b.c"
Invoking: MSP430 Compiler
"C:/Software/ccs83/ccsv8/tools/compiler/ti-cgt-msp430_18.1.4.LTS/bin/cl430" -vmspx -O2 --use_hw_mpy=none --include_path="C:/Software/ccs83/ccsv8/ccs_base/msp430/include" --include_path="N:/ECE298/API_Examples/Example_Keypad" --include_path="N:/ECE298/API_Examples/Example_Keypad/driverlib/MSP430FR2xx_4xx" --include_path="C:/Software/ccs83/ccsv8/tools/compiler/ti-cgt-msp430_18.1.4.LTS/include" --advice:power="none" --advice:hw_config=all --define=__MSP430FR4133__ --define=DEPRECATED --printf_support=minimal --diag_warning=225 --diag_wrap=off --display_error_number --silicon_errata=CPU21 --silicon_errata=CPU22 --silicon_errata=CPU40 --preproc_with_compile --preproc_dependency="driverlib/MSP430FR2xx_4xx/timer_b.d_raw" --obj_directory="driverlib/MSP430FR2xx_4xx"  "../driverlib/MSP430FR2xx_4xx/timer_b.c"
Finished building: "../driverlib/MSP430FR2xx_4xx/timer_b.c"
 
Building file: "../driverlib/MSP430FR2xx_4xx/timer_a.c"
Invoking: MSP430 Compiler
"C:/Software/ccs83/ccsv8/tools/compiler/ti-cgt-msp430_18.1.4.LTS/bin/cl430" -vmspx -O2 --use_hw_mpy=none --include_path="C:/Software/ccs83/ccsv8/ccs_base/msp430/include" --include_path="N:/ECE298/API_Examples/Example_Keypad" --include_path="N:/ECE298/API_Examples/Example_Keypad/driverlib/MSP430FR2xx_4xx" --include_path="C:/Software/ccs83/ccsv8/tools/compiler/ti-cgt-msp430_18.1.4.LTS/include" --advice:power="none" --advice:hw_config=all --define=__MSP430FR4133__ --define=DEPRECATED --printf_support=minimal --diag_warning=225 --diag_wrap=off --display_error_number --silicon_errata=CPU21 --silicon_errata=CPU22 --silicon_errata=CPU40 --preproc_with_compile --preproc_dependency="driverlib/MSP430FR2xx_4xx/timer_a.d_raw" --obj_directory="driverlib/MSP430FR2xx_4xx"  "../driverlib/MSP430FR2xx_4xx/timer_a.c"
Finished building: "../driverlib/MSP430FR2xx_4xx/timer_a.c"
 
Building file: "../driverlib/MSP430FR2xx_4xx/tlv.c"
Invoking: MSP430 Compiler
"C:/Software/ccs83/ccsv8/tools/compiler/ti-cgt-msp430_18.1.4.LTS/bin/cl430" -vmspx -O2 --use_hw_mpy=none --include_path="C:/Software/ccs83/ccsv8/ccs_base/msp430/include" --include_path="N:/ECE298/API_Examples/Example_Keypad" --include_path="N:/ECE298/API_Examples/Example_Keypad/driverlib/MSP430FR2xx_4xx" --include_path="C:/Software/ccs83/ccsv8/tools/compiler/ti-cgt-msp430_18.1.4.LTS/include" --advice:power="none" --advice:hw_config=all --define=__MSP430FR4133__ --define=DEPRECATED --printf_support=minimal --diag_warning=225 --diag_wrap=off --display_error_number --silicon_errata=CPU21 --silicon_errata=CPU22 --silicon_errata=CPU40 --preproc_with_compile --preproc_dependency="driverlib/MSP430FR2xx_4xx/tlv.d_raw" --obj_directory="driverlib/MSP430FR2xx_4xx"  "../driverlib/MSP430FR2xx_4xx/tlv.c"
Finished building: "../driverlib/MSP430FR2xx_4xx/tlv.c"
 
Building file: "../driverlib/MSP430FR2xx_4xx/wdt_a.c"
Invoking: MSP430 Compiler
"C:/Software/ccs83/ccsv8/tools/compiler/ti-cgt-msp430_18.1.4.LTS/bin/cl430" -vmspx -O2 --use_hw_mpy=none --include_path="C:/Software/ccs83/ccsv8/ccs_base/msp430/include" --include_path="N:/ECE298/API_Examples/Example_Keypad" --include_path="N:/ECE298/API_Examples/Example_Keypad/driverlib/MSP430FR2xx_4xx" --include_path="C:/Software/ccs83/ccsv8/tools/compiler/ti-cgt-msp430_18.1.4.LTS/include" --advice:power="none" --advice:hw_config=all --define=__MSP430FR4133__ --define=DEPRECATED --printf_support=minimal --diag_warning=225 --diag_wrap=off --display_error_number --silicon_errata=CPU21 --silicon_errata=CPU22 --silicon_errata=CPU40 --preproc_with_compile --preproc_dependency="driverlib/MSP430FR2xx_4xx/wdt_a.d_raw" --obj_directory="driverlib/MSP430FR2xx_4xx"  "../driverlib/MSP430FR2xx_4xx/wdt_a.c"
Finished building: "../driverlib/MSP430FR2xx_4xx/wdt_a.c"
 
Building target: "Example_Keypad.out"
Invoking: MSP430 Linker
"C:/Software/ccs83/ccsv8/tools/compiler/ti-cgt-msp430_18.1.4.LTS/bin/cl430" -vmspx -O2 --use_hw_mpy=none --advice:power="none" --advice:hw_config=all --define=__MSP430FR4133__ --define=DEPRECATED --printf_support=minimal --diag_warning=225 --diag_wrap=off --display_error_number --silicon_errata=CPU21 --silicon_errata=CPU22 --silicon_errata=CPU40 -z -m"Example_Keypad.map" --heap_size=160 --stack_size=160 --cinit_hold_wdt=on -i"C:/Software/ccs83/ccsv8/ccs_base/msp430/include" -i"C:/Software/ccs83/ccsv8/tools/compiler/ti-cgt-msp430_18.1.4.LTS/lib" -i"C:/Software/ccs83/ccsv8/tools/compiler/ti-cgt-msp430_18.1.4.LTS/include" --reread_libs --diag_wrap=off --display_error_number --warn_sections --xml_link_info="Example_Keypad_linkInfo.xml" --use_hw_mpy=none --rom_model -o "Example_Keypad.out" "./keypadButton.obj" "./driverlib/MSP430FR2xx_4xx/adc.obj" "./driverlib/MSP430FR2xx_4xx/crc.obj" "./driverlib/MSP430FR2xx_4xx/cs.obj" "./driverlib/MSP430FR2xx_4xx/ecomp.obj" "./driverlib/MSP430FR2xx_4xx/eusci_a_spi.obj" "./driverlib/MSP430FR2xx_4xx/eusci_a_uart.obj" "./driverlib/MSP430FR2xx_4xx/eusci_b_i2c.obj" "./driverlib/MSP430FR2xx_4xx/eusci_b_spi.obj" "./driverlib/MSP430FR2xx_4xx/framctl.obj" "./driverlib/MSP430FR2xx_4xx/gpio.obj" "./driverlib/MSP430FR2xx_4xx/icc.obj" "./driverlib/MSP430FR2xx_4xx/lcd_e.obj" "./driverlib/MSP430FR2xx_4xx/mpy32.obj" "./driverlib/MSP430FR2xx_4xx/pmm.obj" "./driverlib/MSP430FR2xx_4xx/rtc.obj" "./driverlib/MSP430FR2xx_4xx/sac.obj" "./driverlib/MSP430FR2xx_4xx/sfr.obj" "./driverlib/MSP430FR2xx_4xx/sysctl.obj" "./driverlib/MSP430FR2xx_4xx/tia.obj" "./driverlib/MSP430FR2xx_4xx/timer_a.obj" "./driverlib/MSP430FR2xx_4xx/timer_b.obj" "./driverlib/MSP430FR2xx_4xx/tlv.obj" "./driverlib/MSP430FR2xx_4xx/wdt_a.obj" "../lnk_msp430fr4133.cmd"  -llibc.a 
<Linking>
warning #10229-D: output section ".data" refers to load symbol "_nop" and hence cannot be compressed; compression "lzss" is ignored
Finished building target: "Example_Keypad.out"
 

**** Build Finished ****

**** Build of configuration Release for project Example_Keypad ****

"C:\\Software\\ccs83\\ccsv8\\utils\\bin\\gmake" -k -j 4 all -O 
 
gmake[1]: 'Example_Keypad.out' is up to date.

**** Build Finished ****

**** Build of configuration Release for project Example_Keypad ****

"C:\\Software\\ccs83\\ccsv8\\utils\\bin\\gmake" -k -j 4 all -O 
 
gmake[1]: 'Example_Keypad.out' is up to date.

**** Build Finished ****

**** Build of configuration Release for project Example_Keypad ****

"C:\\Software\\ccs83\\ccsv8\\utils\\bin\\gmake" -k -j 4 all -O 
 
gmake[1]: 'Example_Keypad.out' is up to date.

**** Build Finished ****

**** Build of configuration Release for project Example_Keypad ****

"C:\\Software\\ccs83\\ccsv8\\utils\\bin\\gmake" -k -j 4 all -O 
 
gmake[1]: 'Example_Keypad.out' is up to date.

**** Build Finished ****

**** Build of configuration Release for project Example_Keypad ****

"C:\\Software\\ccs83\\ccsv8\\utils\\bin\\gmake" -k -j 4 all -O 
 
gmake[1]: 'Example_Keypad.out' is up to date.

**** Build Finished ****
